{"/home/reinaldo/escola-prisma-front/escola-front/.jest/mock/AboutText.jsx": {"path":"/home/reinaldo/escola-prisma-front/escola-front/.jest/mock/AboutText.jsx","statementMap":{"0":{"start":{"line":1,"column":20},"end":{"line":1,"column":2243}},"1":{"start":{"line":3,"column":23},"end":{"line":3,"column":1429}}},"fnMap":{},"branchMap":{},"s":{"0":2,"1":2},"f":{},"b":{},"_coverageSchema":"1a1c01bbd47fc00a2c39e90264f33305004495a9","hash":"33633d27346070f9fdb055a5fbf57cb12993a754"}
,"/home/reinaldo/escola-prisma-front/escola-front/.jest/mock/fileMock.jsx": {"path":"/home/reinaldo/escola-prisma-front/escola-front/.jest/mock/fileMock.jsx","statementMap":{},"fnMap":{},"branchMap":{},"s":{},"f":{},"b":{},"_coverageSchema":"1a1c01bbd47fc00a2c39e90264f33305004495a9","hash":"efeb32ef93a979cf379e9ff21ec5ec1063a6fc60"}
,"/home/reinaldo/escola-prisma-front/escola-front/src/alerts/Alerts.tsx": {"path":"/home/reinaldo/escola-prisma-front/escola-front/src/alerts/Alerts.tsx","statementMap":{"0":{"start":{"line":1,"column":31},"end":{"line":8,"column":1}},"1":{"start":{"line":2,"column":2},"end":{"line":7,"column":3}},"2":{"start":{"line":10,"column":27},"end":{"line":17,"column":1}},"3":{"start":{"line":11,"column":2},"end":{"line":16,"column":3}},"4":{"start":{"line":19,"column":26},"end":{"line":26,"column":1}},"5":{"start":{"line":20,"column":2},"end":{"line":25,"column":3}},"6":{"start":{"line":28,"column":34},"end":{"line":35,"column":1}},"7":{"start":{"line":29,"column":2},"end":{"line":34,"column":3}},"8":{"start":{"line":37,"column":32},"end":{"line":44,"column":1}},"9":{"start":{"line":38,"column":2},"end":{"line":43,"column":3}}},"fnMap":{"0":{"name":"(anonymous_0)","decl":{"start":{"line":1,"column":31},"end":{"line":1,"column":32}},"loc":{"start":{"line":1,"column":37},"end":{"line":8,"column":1}},"line":1},"1":{"name":"(anonymous_1)","decl":{"start":{"line":10,"column":27},"end":{"line":10,"column":28}},"loc":{"start":{"line":10,"column":33},"end":{"line":17,"column":1}},"line":10},"2":{"name":"(anonymous_2)","decl":{"start":{"line":19,"column":26},"end":{"line":19,"column":27}},"loc":{"start":{"line":19,"column":32},"end":{"line":26,"column":1}},"line":19},"3":{"name":"(anonymous_3)","decl":{"start":{"line":28,"column":34},"end":{"line":28,"column":35}},"loc":{"start":{"line":28,"column":40},"end":{"line":35,"column":1}},"line":28},"4":{"name":"(anonymous_4)","decl":{"start":{"line":37,"column":32},"end":{"line":37,"column":33}},"loc":{"start":{"line":37,"column":38},"end":{"line":44,"column":1}},"line":37}},"branchMap":{},"s":{"0":4,"1":1,"2":4,"3":0,"4":4,"5":1,"6":4,"7":0,"8":4,"9":0},"f":{"0":1,"1":0,"2":1,"3":0,"4":0},"b":{},"_coverageSchema":"1a1c01bbd47fc00a2c39e90264f33305004495a9","hash":"7f41d5ec1003387b83b48906ca3c42e1fb1e01e1"}
,"/home/reinaldo/escola-prisma-front/escola-front/src/buttons/Button.tsx": {"path":"/home/reinaldo/escola-prisma-front/escola-front/src/buttons/Button.tsx","statementMap":{"0":{"start":{"line":4,"column":15},"end":{"line":22,"column":1}},"1":{"start":{"line":6,"column":19},"end":{"line":6,"column":32}},"2":{"start":{"line":8,"column":22},"end":{"line":12,"column":3}},"3":{"start":{"line":9,"column":17},"end":{"line":9,"column":41}},"4":{"start":{"line":11,"column":4},"end":{"line":11,"column":24}},"5":{"start":{"line":14,"column":17},"end":{"line":16,"column":3}},"6":{"start":{"line":15,"column":4},"end":{"line":15,"column":18}},"7":{"start":{"line":17,"column":2},"end":{"line":21,"column":3}}},"fnMap":{"0":{"name":"(anonymous_0)","decl":{"start":{"line":4,"column":15},"end":{"line":4,"column":16}},"loc":{"start":{"line":4,"column":97},"end":{"line":22,"column":1}},"line":4},"1":{"name":"(anonymous_1)","decl":{"start":{"line":8,"column":22},"end":{"line":8,"column":23}},"loc":{"start":{"line":8,"column":70},"end":{"line":12,"column":3}},"line":8},"2":{"name":"(anonymous_2)","decl":{"start":{"line":14,"column":17},"end":{"line":14,"column":18}},"loc":{"start":{"line":14,"column":34},"end":{"line":16,"column":3}},"line":14}},"branchMap":{"0":{"loc":{"start":{"line":19,"column":68},"end":{"line":19,"column":109}},"type":"cond-expr","locations":[{"start":{"line":19,"column":94},"end":{"line":19,"column":102}},{"start":{"line":19,"column":105},"end":{"line":19,"column":109}}],"line":19}},"s":{"0":1,"1":12,"2":12,"3":1,"4":1,"5":12,"6":1,"7":12},"f":{"0":12,"1":1,"2":1},"b":{"0":[1,11]},"_coverageSchema":"1a1c01bbd47fc00a2c39e90264f33305004495a9","hash":"6aa05ae876056716bdad17cb8fc945c2226b1b15"}
,"/home/reinaldo/escola-prisma-front/escola-front/src/buttons/ButtonForm.tsx": {"path":"/home/reinaldo/escola-prisma-front/escola-front/src/buttons/ButtonForm.tsx","statementMap":{"0":{"start":{"line":3,"column":19},"end":{"line":14,"column":1}},"1":{"start":{"line":4,"column":2},"end":{"line":13,"column":3}}},"fnMap":{"0":{"name":"(anonymous_0)","decl":{"start":{"line":3,"column":19},"end":{"line":3,"column":20}},"loc":{"start":{"line":3,"column":60},"end":{"line":14,"column":1}},"line":3}},"branchMap":{},"s":{"0":3,"1":20},"f":{"0":20},"b":{},"_coverageSchema":"1a1c01bbd47fc00a2c39e90264f33305004495a9","hash":"a0190425dd030a807298b3e6206e48afff94d324"}
,"/home/reinaldo/escola-prisma-front/escola-front/src/buttons/ButtonHome.tsx": {"path":"/home/reinaldo/escola-prisma-front/escola-front/src/buttons/ButtonHome.tsx","statementMap":{"0":{"start":{"line":4,"column":19},"end":{"line":24,"column":1}},"1":{"start":{"line":7,"column":19},"end":{"line":7,"column":32}},"2":{"start":{"line":9,"column":22},"end":{"line":13,"column":3}},"3":{"start":{"line":10,"column":17},"end":{"line":10,"column":41}},"4":{"start":{"line":12,"column":4},"end":{"line":12,"column":24}},"5":{"start":{"line":15,"column":17},"end":{"line":17,"column":3}},"6":{"start":{"line":16,"column":4},"end":{"line":16,"column":18}},"7":{"start":{"line":19,"column":2},"end":{"line":23,"column":3}}},"fnMap":{"0":{"name":"(anonymous_0)","decl":{"start":{"line":4,"column":19},"end":{"line":4,"column":20}},"loc":{"start":{"line":4,"column":101},"end":{"line":24,"column":1}},"line":4},"1":{"name":"(anonymous_1)","decl":{"start":{"line":9,"column":22},"end":{"line":9,"column":23}},"loc":{"start":{"line":9,"column":70},"end":{"line":13,"column":3}},"line":9},"2":{"name":"(anonymous_2)","decl":{"start":{"line":15,"column":17},"end":{"line":15,"column":18}},"loc":{"start":{"line":15,"column":34},"end":{"line":17,"column":3}},"line":15}},"branchMap":{"0":{"loc":{"start":{"line":21,"column":88},"end":{"line":21,"column":129}},"type":"cond-expr","locations":[{"start":{"line":21,"column":114},"end":{"line":21,"column":122}},{"start":{"line":21,"column":125},"end":{"line":21,"column":129}}],"line":21}},"s":{"0":1,"1":3,"2":3,"3":0,"4":0,"5":3,"6":0,"7":3},"f":{"0":3,"1":0,"2":0},"b":{"0":[2,1]},"_coverageSchema":"1a1c01bbd47fc00a2c39e90264f33305004495a9","hash":"78d05c44d172c1d49ef81b636f47c0344e230e66"}
,"/home/reinaldo/escola-prisma-front/escola-front/src/buttons/ButtonUpdate.tsx": {"path":"/home/reinaldo/escola-prisma-front/escola-front/src/buttons/ButtonUpdate.tsx","statementMap":{"0":{"start":{"line":3,"column":21},"end":{"line":9,"column":1}},"1":{"start":{"line":4,"column":2},"end":{"line":8,"column":3}}},"fnMap":{"0":{"name":"(anonymous_0)","decl":{"start":{"line":3,"column":21},"end":{"line":3,"column":22}},"loc":{"start":{"line":3,"column":61},"end":{"line":9,"column":1}},"line":3}},"branchMap":{},"s":{"0":4,"1":5},"f":{"0":5},"b":{},"_coverageSchema":"1a1c01bbd47fc00a2c39e90264f33305004495a9","hash":"f86808ec59a34a46d2fa3afd1350d95277f90176"}
,"/home/reinaldo/escola-prisma-front/escola-front/src/component/AboutWe.tsx": {"path":"/home/reinaldo/escola-prisma-front/escola-front/src/component/AboutWe.tsx","statementMap":{"0":{"start":{"line":5,"column":16},"end":{"line":24,"column":1}},"1":{"start":{"line":7,"column":16},"end":{"line":7,"column":23}},"2":{"start":{"line":9,"column":26},"end":{"line":9,"column":31}},"3":{"start":{"line":11,"column":2},"end":{"line":23,"column":3}}},"fnMap":{"0":{"name":"(anonymous_0)","decl":{"start":{"line":5,"column":16},"end":{"line":5,"column":17}},"loc":{"start":{"line":5,"column":22},"end":{"line":24,"column":1}},"line":5}},"branchMap":{"0":{"loc":{"start":{"line":16,"column":11},"end":{"line":16,"column":74}},"type":"cond-expr","locations":[{"start":{"line":16,"column":32},"end":{"line":16,"column":51}},{"start":{"line":16,"column":54},"end":{"line":16,"column":74}}],"line":16}},"s":{"0":1,"1":4,"2":4,"3":4},"f":{"0":4},"b":{"0":[4,0]},"_coverageSchema":"1a1c01bbd47fc00a2c39e90264f33305004495a9","hash":"9250dd317836a78f1030d9fe070ffd5d485c3bb0"}
,"/home/reinaldo/escola-prisma-front/escola-front/src/component/Biblioteca.tsx": {"path":"/home/reinaldo/escola-prisma-front/escola-front/src/component/Biblioteca.tsx","statementMap":{"0":{"start":{"line":9,"column":19},"end":{"line":76,"column":1}},"1":{"start":{"line":10,"column":28},"end":{"line":10,"column":48}},"2":{"start":{"line":11,"column":30},"end":{"line":11,"column":42}},"3":{"start":{"line":12,"column":28},"end":{"line":12,"column":52}},"4":{"start":{"line":13,"column":24},"end":{"line":13,"column":48}},"5":{"start":{"line":15,"column":22},"end":{"line":33,"column":3}},"6":{"start":{"line":16,"column":4},"end":{"line":16,"column":16}},"7":{"start":{"line":17,"column":4},"end":{"line":17,"column":18}},"8":{"start":{"line":18,"column":33},"end":{"line":23,"column":5}},"9":{"start":{"line":24,"column":4},"end":{"line":31,"column":5}},"10":{"start":{"line":25,"column":6},"end":{"line":25,"column":19}},"11":{"start":{"line":26,"column":6},"end":{"line":26,"column":44}},"12":{"start":{"line":28,"column":23},"end":{"line":28,"column":56}},"13":{"start":{"line":29,"column":6},"end":{"line":29,"column":24}},"14":{"start":{"line":30,"column":6},"end":{"line":30,"column":19}},"15":{"start":{"line":36,"column":23},"end":{"line":50,"column":4}},"16":{"start":{"line":37,"column":4},"end":{"line":48,"column":10}},"17":{"start":{"line":54,"column":2},"end":{"line":75,"column":3}},"18":{"start":{"line":61,"column":41},"end":{"line":61,"column":66}}},"fnMap":{"0":{"name":"(anonymous_0)","decl":{"start":{"line":9,"column":19},"end":{"line":9,"column":20}},"loc":{"start":{"line":9,"column":25},"end":{"line":76,"column":1}},"line":9},"1":{"name":"(anonymous_1)","decl":{"start":{"line":15,"column":22},"end":{"line":15,"column":23}},"loc":{"start":{"line":15,"column":34},"end":{"line":33,"column":3}},"line":15},"2":{"name":"(anonymous_2)","decl":{"start":{"line":36,"column":53},"end":{"line":36,"column":54}},"loc":{"start":{"line":37,"column":4},"end":{"line":48,"column":10}},"line":37},"3":{"name":"(anonymous_3)","decl":{"start":{"line":61,"column":34},"end":{"line":61,"column":35}},"loc":{"start":{"line":61,"column":41},"end":{"line":61,"column":66}},"line":61}},"branchMap":{"0":{"loc":{"start":{"line":24,"column":4},"end":{"line":31,"column":5}},"type":"if","locations":[{"start":{"line":24,"column":4},"end":{"line":31,"column":5}},{"start":{"line":27,"column":11},"end":{"line":31,"column":5}}],"line":24},"1":{"loc":{"start":{"line":36,"column":23},"end":{"line":50,"column":4}},"type":"binary-expr","locations":[{"start":{"line":36,"column":23},"end":{"line":36,"column":39}},{"start":{"line":36,"column":43},"end":{"line":50,"column":4}}],"line":36},"2":{"loc":{"start":{"line":40,"column":16},"end":{"line":41,"column":13}},"type":"cond-expr","locations":[{"start":{"line":40,"column":45},"end":{"line":40,"column":86}},{"start":{"line":41,"column":8},"end":{"line":41,"column":13}}],"line":40},"3":{"loc":{"start":{"line":68,"column":7},"end":{"line":73,"column":108}},"type":"binary-expr","locations":[{"start":{"line":68,"column":7},"end":{"line":68,"column":10}},{"start":{"line":68,"column":14},"end":{"line":73,"column":108}}],"line":68},"4":{"loc":{"start":{"line":68,"column":17},"end":{"line":73,"column":104}},"type":"cond-expr","locations":[{"start":{"line":68,"column":41},"end":{"line":73,"column":9}},{"start":{"line":73,"column":12},"end":{"line":73,"column":104}}],"line":68},"5":{"loc":{"start":{"line":68,"column":17},"end":{"line":68,"column":38}},"type":"binary-expr","locations":[{"start":{"line":68,"column":17},"end":{"line":68,"column":22}},{"start":{"line":68,"column":26},"end":{"line":68,"column":38}}],"line":68}},"s":{"0":1,"1":5,"2":4,"3":4,"4":4,"5":4,"6":1,"7":1,"8":1,"9":1,"10":0,"11":0,"12":1,"13":1,"14":1,"15":4,"16":10,"17":4,"18":1},"f":{"0":5,"1":1,"2":10,"3":1},"b":{"0":[0,1],"1":[4,1],"2":[10,0],"3":[4,2],"4":[1,1],"5":[2,2]},"_coverageSchema":"1a1c01bbd47fc00a2c39e90264f33305004495a9","hash":"fe36bec1958e70721eacb9f6d8e753e8f4816d43"}
,"/home/reinaldo/escola-prisma-front/escola-front/src/component/Footer.tsx": {"path":"/home/reinaldo/escola-prisma-front/escola-front/src/component/Footer.tsx","statementMap":{"0":{"start":{"line":6,"column":15},"end":{"line":14,"column":1}},"1":{"start":{"line":7,"column":2},"end":{"line":13,"column":3}}},"fnMap":{"0":{"name":"(anonymous_0)","decl":{"start":{"line":6,"column":15},"end":{"line":6,"column":16}},"loc":{"start":{"line":6,"column":21},"end":{"line":14,"column":1}},"line":6}},"branchMap":{},"s":{"0":1,"1":1},"f":{"0":1},"b":{},"_coverageSchema":"1a1c01bbd47fc00a2c39e90264f33305004495a9","hash":"6582101794e824613889546a2bf442c20bd2a472"}
,"/home/reinaldo/escola-prisma-front/escola-front/src/component/Home.tsx": {"path":"/home/reinaldo/escola-prisma-front/escola-front/src/component/Home.tsx","statementMap":{"0":{"start":{"line":11,"column":13},"end":{"line":153,"column":1}},"1":{"start":{"line":12,"column":32},"end":{"line":12,"column":44}},"2":{"start":{"line":13,"column":36},"end":{"line":13,"column":48}},"3":{"start":{"line":14,"column":30},"end":{"line":14,"column":42}},"4":{"start":{"line":30,"column":26},"end":{"line":30,"column":33}},"5":{"start":{"line":32,"column":2},"end":{"line":56,"column":16}},"6":{"start":{"line":33,"column":16},"end":{"line":42,"column":5}},"7":{"start":{"line":34,"column":35},"end":{"line":39,"column":7}},"8":{"start":{"line":40,"column":26},"end":{"line":40,"column":59}},"9":{"start":{"line":41,"column":6},"end":{"line":41,"column":26}},"10":{"start":{"line":44,"column":21},"end":{"line":53,"column":5}},"11":{"start":{"line":45,"column":35},"end":{"line":50,"column":7}},"12":{"start":{"line":51,"column":26},"end":{"line":51,"column":61}},"13":{"start":{"line":52,"column":6},"end":{"line":52,"column":28}},"14":{"start":{"line":54,"column":4},"end":{"line":54,"column":10}},"15":{"start":{"line":55,"column":4},"end":{"line":55,"column":15}},"16":{"start":{"line":58,"column":2},"end":{"line":58,"column":21}},"17":{"start":{"line":61,"column":2},"end":{"line":76,"column":18}},"18":{"start":{"line":62,"column":20},"end":{"line":73,"column":5}},"19":{"start":{"line":63,"column":35},"end":{"line":68,"column":7}},"20":{"start":{"line":70,"column":26},"end":{"line":70,"column":51}},"21":{"start":{"line":71,"column":6},"end":{"line":71,"column":25}},"22":{"start":{"line":74,"column":4},"end":{"line":74,"column":14}},"23":{"start":{"line":78,"column":2},"end":{"line":78,"column":15}},"24":{"start":{"line":79,"column":2},"end":{"line":79,"column":20}},"25":{"start":{"line":82,"column":19},"end":{"line":82,"column":32}},"26":{"start":{"line":84,"column":16},"end":{"line":84,"column":33}},"27":{"start":{"line":86,"column":22},"end":{"line":92,"column":3}},"28":{"start":{"line":87,"column":4},"end":{"line":87,"column":13}},"29":{"start":{"line":88,"column":4},"end":{"line":88,"column":19}},"30":{"start":{"line":89,"column":4},"end":{"line":89,"column":24}},"31":{"start":{"line":90,"column":4},"end":{"line":90,"column":19}},"32":{"start":{"line":91,"column":4},"end":{"line":91,"column":17}},"33":{"start":{"line":95,"column":2},"end":{"line":152,"column":3}}},"fnMap":{"0":{"name":"(anonymous_0)","decl":{"start":{"line":11,"column":13},"end":{"line":11,"column":14}},"loc":{"start":{"line":11,"column":19},"end":{"line":153,"column":1}},"line":11},"1":{"name":"(anonymous_1)","decl":{"start":{"line":32,"column":12},"end":{"line":32,"column":13}},"loc":{"start":{"line":32,"column":18},"end":{"line":56,"column":3}},"line":32},"2":{"name":"(anonymous_2)","decl":{"start":{"line":33,"column":16},"end":{"line":33,"column":17}},"loc":{"start":{"line":33,"column":28},"end":{"line":42,"column":5}},"line":33},"3":{"name":"(anonymous_3)","decl":{"start":{"line":44,"column":21},"end":{"line":44,"column":22}},"loc":{"start":{"line":44,"column":33},"end":{"line":53,"column":5}},"line":44},"4":{"name":"(anonymous_4)","decl":{"start":{"line":61,"column":12},"end":{"line":61,"column":13}},"loc":{"start":{"line":61,"column":18},"end":{"line":76,"column":3}},"line":61},"5":{"name":"(anonymous_5)","decl":{"start":{"line":62,"column":20},"end":{"line":62,"column":21}},"loc":{"start":{"line":62,"column":32},"end":{"line":73,"column":5}},"line":62},"6":{"name":"(anonymous_6)","decl":{"start":{"line":86,"column":22},"end":{"line":86,"column":23}},"loc":{"start":{"line":86,"column":28},"end":{"line":92,"column":3}},"line":86}},"branchMap":{"0":{"loc":{"start":{"line":104,"column":9},"end":{"line":121,"column":19}},"type":"binary-expr","locations":[{"start":{"line":104,"column":9},"end":{"line":104,"column":14}},{"start":{"line":105,"column":10},"end":{"line":121,"column":19}}],"line":104},"1":{"loc":{"start":{"line":114,"column":15},"end":{"line":115,"column":22}},"type":"cond-expr","locations":[{"start":{"line":114,"column":68},"end":{"line":114,"column":123}},{"start":{"line":115,"column":18},"end":{"line":115,"column":22}}],"line":114},"2":{"loc":{"start":{"line":114,"column":15},"end":{"line":114,"column":65}},"type":"binary-expr","locations":[{"start":{"line":114,"column":15},"end":{"line":114,"column":27}},{"start":{"line":114,"column":31},"end":{"line":114,"column":36}},{"start":{"line":114,"column":40},"end":{"line":114,"column":65}}],"line":114},"3":{"loc":{"start":{"line":116,"column":15},"end":{"line":117,"column":99}},"type":"cond-expr","locations":[{"start":{"line":116,"column":37},"end":{"line":116,"column":92}},{"start":{"line":117,"column":18},"end":{"line":117,"column":99}}],"line":116},"4":{"loc":{"start":{"line":116,"column":15},"end":{"line":116,"column":34}},"type":"binary-expr","locations":[{"start":{"line":116,"column":15},"end":{"line":116,"column":21}},{"start":{"line":116,"column":25},"end":{"line":116,"column":34}}],"line":116},"5":{"loc":{"start":{"line":118,"column":15},"end":{"line":118,"column":88}},"type":"binary-expr","locations":[{"start":{"line":118,"column":15},"end":{"line":118,"column":18}},{"start":{"line":118,"column":22},"end":{"line":118,"column":88}}],"line":118},"6":{"loc":{"start":{"line":119,"column":71},"end":{"line":119,"column":234}},"type":"cond-expr","locations":[{"start":{"line":119,"column":95},"end":{"line":119,"column":108}},{"start":{"line":119,"column":111},"end":{"line":119,"column":234}}],"line":119},"7":{"loc":{"start":{"line":119,"column":71},"end":{"line":119,"column":92}},"type":"binary-expr","locations":[{"start":{"line":119,"column":71},"end":{"line":119,"column":83}},{"start":{"line":119,"column":87},"end":{"line":119,"column":92}}],"line":119},"8":{"loc":{"start":{"line":119,"column":111},"end":{"line":119,"column":234}},"type":"cond-expr","locations":[{"start":{"line":119,"column":152},"end":{"line":119,"column":167}},{"start":{"line":119,"column":170},"end":{"line":119,"column":234}}],"line":119},"9":{"loc":{"start":{"line":119,"column":111},"end":{"line":119,"column":149}},"type":"binary-expr","locations":[{"start":{"line":119,"column":111},"end":{"line":119,"column":125}},{"start":{"line":119,"column":129},"end":{"line":119,"column":135}},{"start":{"line":119,"column":139},"end":{"line":119,"column":149}}],"line":119},"10":{"loc":{"start":{"line":119,"column":170},"end":{"line":119,"column":234}},"type":"cond-expr","locations":[{"start":{"line":119,"column":200},"end":{"line":119,"column":219}},{"start":{"line":119,"column":222},"end":{"line":119,"column":234}}],"line":119},"11":{"loc":{"start":{"line":119,"column":170},"end":{"line":119,"column":197}},"type":"binary-expr","locations":[{"start":{"line":119,"column":170},"end":{"line":119,"column":188}},{"start":{"line":119,"column":192},"end":{"line":119,"column":197}}],"line":119},"12":{"loc":{"start":{"line":122,"column":9},"end":{"line":136,"column":19}},"type":"binary-expr","locations":[{"start":{"line":122,"column":9},"end":{"line":122,"column":15}},{"start":{"line":122,"column":19},"end":{"line":122,"column":32}},{"start":{"line":123,"column":10},"end":{"line":136,"column":19}}],"line":122},"13":{"loc":{"start":{"line":129,"column":15},"end":{"line":130,"column":22}},"type":"cond-expr","locations":[{"start":{"line":129,"column":68},"end":{"line":129,"column":123}},{"start":{"line":130,"column":18},"end":{"line":130,"column":22}}],"line":129},"14":{"loc":{"start":{"line":129,"column":15},"end":{"line":129,"column":65}},"type":"binary-expr","locations":[{"start":{"line":129,"column":15},"end":{"line":129,"column":27}},{"start":{"line":129,"column":31},"end":{"line":129,"column":36}},{"start":{"line":129,"column":40},"end":{"line":129,"column":65}}],"line":129},"15":{"loc":{"start":{"line":131,"column":15},"end":{"line":132,"column":99}},"type":"cond-expr","locations":[{"start":{"line":131,"column":37},"end":{"line":131,"column":92}},{"start":{"line":132,"column":18},"end":{"line":132,"column":99}}],"line":131},"16":{"loc":{"start":{"line":131,"column":15},"end":{"line":131,"column":34}},"type":"binary-expr","locations":[{"start":{"line":131,"column":15},"end":{"line":131,"column":21}},{"start":{"line":131,"column":25},"end":{"line":131,"column":34}}],"line":131},"17":{"loc":{"start":{"line":133,"column":15},"end":{"line":133,"column":88}},"type":"binary-expr","locations":[{"start":{"line":133,"column":15},"end":{"line":133,"column":18}},{"start":{"line":133,"column":22},"end":{"line":133,"column":88}}],"line":133},"18":{"loc":{"start":{"line":134,"column":71},"end":{"line":134,"column":234}},"type":"cond-expr","locations":[{"start":{"line":134,"column":95},"end":{"line":134,"column":108}},{"start":{"line":134,"column":111},"end":{"line":134,"column":234}}],"line":134},"19":{"loc":{"start":{"line":134,"column":71},"end":{"line":134,"column":92}},"type":"binary-expr","locations":[{"start":{"line":134,"column":71},"end":{"line":134,"column":83}},{"start":{"line":134,"column":87},"end":{"line":134,"column":92}}],"line":134},"20":{"loc":{"start":{"line":134,"column":111},"end":{"line":134,"column":234}},"type":"cond-expr","locations":[{"start":{"line":134,"column":152},"end":{"line":134,"column":167}},{"start":{"line":134,"column":170},"end":{"line":134,"column":234}}],"line":134},"21":{"loc":{"start":{"line":134,"column":111},"end":{"line":134,"column":149}},"type":"binary-expr","locations":[{"start":{"line":134,"column":111},"end":{"line":134,"column":125}},{"start":{"line":134,"column":129},"end":{"line":134,"column":135}},{"start":{"line":134,"column":139},"end":{"line":134,"column":149}}],"line":134},"22":{"loc":{"start":{"line":134,"column":170},"end":{"line":134,"column":234}},"type":"cond-expr","locations":[{"start":{"line":134,"column":200},"end":{"line":134,"column":219}},{"start":{"line":134,"column":222},"end":{"line":134,"column":234}}],"line":134},"23":{"loc":{"start":{"line":134,"column":170},"end":{"line":134,"column":197}},"type":"binary-expr","locations":[{"start":{"line":134,"column":170},"end":{"line":134,"column":188}},{"start":{"line":134,"column":192},"end":{"line":134,"column":197}}],"line":134},"24":{"loc":{"start":{"line":137,"column":9},"end":{"line":148,"column":19}},"type":"binary-expr","locations":[{"start":{"line":137,"column":9},"end":{"line":137,"column":21}},{"start":{"line":138,"column":10},"end":{"line":148,"column":19}}],"line":137},"25":{"loc":{"start":{"line":146,"column":71},"end":{"line":146,"column":234}},"type":"cond-expr","locations":[{"start":{"line":146,"column":95},"end":{"line":146,"column":108}},{"start":{"line":146,"column":111},"end":{"line":146,"column":234}}],"line":146},"26":{"loc":{"start":{"line":146,"column":71},"end":{"line":146,"column":92}},"type":"binary-expr","locations":[{"start":{"line":146,"column":71},"end":{"line":146,"column":83}},{"start":{"line":146,"column":87},"end":{"line":146,"column":92}}],"line":146},"27":{"loc":{"start":{"line":146,"column":111},"end":{"line":146,"column":234}},"type":"cond-expr","locations":[{"start":{"line":146,"column":152},"end":{"line":146,"column":167}},{"start":{"line":146,"column":170},"end":{"line":146,"column":234}}],"line":146},"28":{"loc":{"start":{"line":146,"column":111},"end":{"line":146,"column":149}},"type":"binary-expr","locations":[{"start":{"line":146,"column":111},"end":{"line":146,"column":125}},{"start":{"line":146,"column":129},"end":{"line":146,"column":135}},{"start":{"line":146,"column":139},"end":{"line":146,"column":149}}],"line":146},"29":{"loc":{"start":{"line":146,"column":170},"end":{"line":146,"column":234}},"type":"cond-expr","locations":[{"start":{"line":146,"column":200},"end":{"line":146,"column":219}},{"start":{"line":146,"column":222},"end":{"line":146,"column":234}}],"line":146},"30":{"loc":{"start":{"line":146,"column":170},"end":{"line":146,"column":197}},"type":"binary-expr","locations":[{"start":{"line":146,"column":170},"end":{"line":146,"column":188}},{"start":{"line":146,"column":192},"end":{"line":146,"column":197}}],"line":146}},"s":{"0":1,"1":5,"2":4,"3":4,"4":4,"5":4,"6":1,"7":1,"8":1,"9":0,"10":1,"11":1,"12":1,"13":0,"14":1,"15":1,"16":4,"17":4,"18":1,"19":1,"20":1,"21":0,"22":1,"23":4,"24":4,"25":4,"26":4,"27":4,"28":0,"29":0,"30":0,"31":0,"32":0,"33":4},"f":{"0":5,"1":1,"2":1,"3":1,"4":1,"5":1,"6":0},"b":{"0":[4,0],"1":[0,0],"2":[0,0,0],"3":[0,0],"4":[0,0],"5":[0,0],"6":[0,0],"7":[0,0],"8":[0,0],"9":[0,0,0],"10":[0,0],"11":[0,0],"12":[4,4,4],"13":[0,4],"14":[4,0,0],"15":[4,0],"16":[4,4],"17":[4,0],"18":[0,4],"19":[4,0],"20":[0,4],"21":[4,0,0],"22":[0,4],"23":[4,0],"24":[4,0],"25":[0,0],"26":[0,0],"27":[0,0],"28":[0,0,0],"29":[0,0],"30":[0,0]},"_coverageSchema":"1a1c01bbd47fc00a2c39e90264f33305004495a9","hash":"40113d85dcb8c387d8d770dc01a3056c1a6ae8b8"}
,"/home/reinaldo/escola-prisma-front/escola-front/src/component/Login.tsx": {"path":"/home/reinaldo/escola-prisma-front/escola-front/src/component/Login.tsx","statementMap":{"0":{"start":{"line":10,"column":14},"end":{"line":68,"column":1}},"1":{"start":{"line":11,"column":26},"end":{"line":11,"column":46}},"2":{"start":{"line":12,"column":28},"end":{"line":12,"column":48}},"3":{"start":{"line":13,"column":28},"end":{"line":13,"column":52}},"4":{"start":{"line":17,"column":48},"end":{"line":17,"column":55}},"5":{"start":{"line":19,"column":19},"end":{"line":19,"column":32}},"6":{"start":{"line":22,"column":23},"end":{"line":49,"column":3}},"7":{"start":{"line":24,"column":20},"end":{"line":24,"column":68}},"8":{"start":{"line":24,"column":50},"end":{"line":24,"column":67}},"9":{"start":{"line":25,"column":37},"end":{"line":25,"column":75}},"10":{"start":{"line":25,"column":57},"end":{"line":25,"column":74}},"11":{"start":{"line":29,"column":4},"end":{"line":48,"column":5}},"12":{"start":{"line":30,"column":6},"end":{"line":30,"column":22}},"13":{"start":{"line":31,"column":6},"end":{"line":31,"column":20}},"14":{"start":{"line":32,"column":6},"end":{"line":32,"column":24}},"15":{"start":{"line":33,"column":6},"end":{"line":33,"column":19}},"16":{"start":{"line":34,"column":11},"end":{"line":48,"column":5}},"17":{"start":{"line":35,"column":6},"end":{"line":35,"column":22}},"18":{"start":{"line":36,"column":6},"end":{"line":36,"column":20}},"19":{"start":{"line":37,"column":6},"end":{"line":37,"column":19}},"20":{"start":{"line":38,"column":6},"end":{"line":38,"column":19}},"21":{"start":{"line":39,"column":11},"end":{"line":48,"column":5}},"22":{"start":{"line":40,"column":6},"end":{"line":40,"column":22}},"23":{"start":{"line":41,"column":6},"end":{"line":41,"column":24}},"24":{"start":{"line":42,"column":6},"end":{"line":42,"column":29}},"25":{"start":{"line":43,"column":6},"end":{"line":43,"column":15}},"26":{"start":{"line":44,"column":6},"end":{"line":44,"column":19}},"27":{"start":{"line":45,"column":6},"end":{"line":45,"column":19}},"28":{"start":{"line":47,"column":6},"end":{"line":47,"column":21}},"29":{"start":{"line":51,"column":2},"end":{"line":67,"column":4}},"30":{"start":{"line":58,"column":39},"end":{"line":58,"column":62}},"31":{"start":{"line":61,"column":39},"end":{"line":61,"column":63}}},"fnMap":{"0":{"name":"(anonymous_0)","decl":{"start":{"line":10,"column":14},"end":{"line":10,"column":15}},"loc":{"start":{"line":10,"column":20},"end":{"line":68,"column":1}},"line":10},"1":{"name":"(anonymous_1)","decl":{"start":{"line":22,"column":23},"end":{"line":22,"column":24}},"loc":{"start":{"line":22,"column":29},"end":{"line":49,"column":3}},"line":22},"2":{"name":"(anonymous_2)","decl":{"start":{"line":24,"column":45},"end":{"line":24,"column":46}},"loc":{"start":{"line":24,"column":50},"end":{"line":24,"column":67}},"line":24},"3":{"name":"(anonymous_3)","decl":{"start":{"line":25,"column":52},"end":{"line":25,"column":53}},"loc":{"start":{"line":25,"column":57},"end":{"line":25,"column":74}},"line":25},"4":{"name":"(anonymous_4)","decl":{"start":{"line":58,"column":32},"end":{"line":58,"column":33}},"loc":{"start":{"line":58,"column":39},"end":{"line":58,"column":62}},"line":58},"5":{"name":"(anonymous_5)","decl":{"start":{"line":61,"column":32},"end":{"line":61,"column":33}},"loc":{"start":{"line":61,"column":39},"end":{"line":61,"column":63}},"line":61}},"branchMap":{"0":{"loc":{"start":{"line":29,"column":4},"end":{"line":48,"column":5}},"type":"if","locations":[{"start":{"line":29,"column":4},"end":{"line":48,"column":5}},{"start":{"line":34,"column":11},"end":{"line":48,"column":5}}],"line":29},"1":{"loc":{"start":{"line":29,"column":8},"end":{"line":29,"column":94}},"type":"binary-expr","locations":[{"start":{"line":29,"column":8},"end":{"line":29,"column":36}},{"start":{"line":29,"column":40},"end":{"line":29,"column":64}},{"start":{"line":29,"column":68},"end":{"line":29,"column":94}}],"line":29},"2":{"loc":{"start":{"line":34,"column":11},"end":{"line":48,"column":5}},"type":"if","locations":[{"start":{"line":34,"column":11},"end":{"line":48,"column":5}},{"start":{"line":39,"column":11},"end":{"line":48,"column":5}}],"line":34},"3":{"loc":{"start":{"line":34,"column":15},"end":{"line":34,"column":110}},"type":"binary-expr","locations":[{"start":{"line":34,"column":15},"end":{"line":34,"column":43}},{"start":{"line":34,"column":47},"end":{"line":34,"column":76}},{"start":{"line":34,"column":80},"end":{"line":34,"column":110}}],"line":34},"4":{"loc":{"start":{"line":39,"column":11},"end":{"line":48,"column":5}},"type":"if","locations":[{"start":{"line":39,"column":11},"end":{"line":48,"column":5}},{"start":{"line":46,"column":11},"end":{"line":48,"column":5}}],"line":39},"5":{"loc":{"start":{"line":39,"column":15},"end":{"line":39,"column":93}},"type":"binary-expr","locations":[{"start":{"line":39,"column":15},"end":{"line":39,"column":20}},{"start":{"line":39,"column":24},"end":{"line":39,"column":45}},{"start":{"line":39,"column":49},"end":{"line":39,"column":68}},{"start":{"line":39,"column":72},"end":{"line":39,"column":93}}],"line":39},"6":{"loc":{"start":{"line":42,"column":11},"end":{"line":42,"column":27}},"type":"binary-expr","locations":[{"start":{"line":42,"column":11},"end":{"line":42,"column":16}},{"start":{"line":42,"column":20},"end":{"line":42,"column":27}}],"line":42},"7":{"loc":{"start":{"line":53,"column":7},"end":{"line":53,"column":28}},"type":"binary-expr","locations":[{"start":{"line":53,"column":7},"end":{"line":53,"column":12}},{"start":{"line":53,"column":16},"end":{"line":53,"column":28}}],"line":53}},"s":{"0":1,"1":16,"2":16,"3":16,"4":16,"5":16,"6":16,"7":4,"8":16,"9":4,"10":25,"11":4,"12":1,"13":1,"14":1,"15":1,"16":3,"17":1,"18":1,"19":1,"20":1,"21":2,"22":1,"23":1,"24":1,"25":1,"26":1,"27":1,"28":1,"29":16,"30":4,"31":4},"f":{"0":16,"1":4,"2":16,"3":25,"4":4,"5":4},"b":{"0":[1,3],"1":[4,1,1],"2":[1,2],"3":[3,1,1],"4":[1,1],"5":[2,1,1,1],"6":[1,1],"7":[16,1]},"_coverageSchema":"1a1c01bbd47fc00a2c39e90264f33305004495a9","hash":"fb65db846731b4775842c52d01d3b64210e57e6d"}
,"/home/reinaldo/escola-prisma-front/escola-front/src/component/Navbar.tsx": {"path":"/home/reinaldo/escola-prisma-front/escola-front/src/component/Navbar.tsx","statementMap":{"0":{"start":{"line":4,"column":15},"end":{"line":10,"column":1}},"1":{"start":{"line":5,"column":2},"end":{"line":9,"column":3}}},"fnMap":{"0":{"name":"(anonymous_0)","decl":{"start":{"line":4,"column":15},"end":{"line":4,"column":16}},"loc":{"start":{"line":4,"column":46},"end":{"line":10,"column":1}},"line":4}},"branchMap":{},"s":{"0":1,"1":3},"f":{"0":3},"b":{},"_coverageSchema":"1a1c01bbd47fc00a2c39e90264f33305004495a9","hash":"b00e90451c532033a59c857888b0716b14335a8e"}
,"/home/reinaldo/escola-prisma-front/escola-front/src/component/Notas.tsx": {"path":"/home/reinaldo/escola-prisma-front/escola-front/src/component/Notas.tsx","statementMap":{"0":{"start":{"line":9,"column":14},"end":{"line":114,"column":1}},"1":{"start":{"line":10,"column":26},"end":{"line":10,"column":46}},"2":{"start":{"line":11,"column":26},"end":{"line":11,"column":45}},"3":{"start":{"line":12,"column":28},"end":{"line":12,"column":52}},"4":{"start":{"line":13,"column":34},"end":{"line":13,"column":54}},"5":{"start":{"line":15,"column":19},"end":{"line":15,"column":32}},"6":{"start":{"line":17,"column":38},"end":{"line":17,"column":45}},"7":{"start":{"line":19,"column":2},"end":{"line":19,"column":26}},"8":{"start":{"line":19,"column":13},"end":{"line":19,"column":26}},"9":{"start":{"line":22,"column":18},"end":{"line":22,"column":81}},"10":{"start":{"line":22,"column":43},"end":{"line":22,"column":80}},"11":{"start":{"line":25,"column":22},"end":{"line":47,"column":3}},"12":{"start":{"line":27,"column":33},"end":{"line":37,"column":5}},"13":{"start":{"line":39,"column":4},"end":{"line":46,"column":5}},"14":{"start":{"line":40,"column":6},"end":{"line":40,"column":37}},"15":{"start":{"line":41,"column":6},"end":{"line":41,"column":14}},"16":{"start":{"line":42,"column":6},"end":{"line":42,"column":22}},"17":{"start":{"line":44,"column":6},"end":{"line":44,"column":14}},"18":{"start":{"line":45,"column":6},"end":{"line":45,"column":21}},"19":{"start":{"line":49,"column":26},"end":{"line":55,"column":3}},"20":{"start":{"line":50,"column":4},"end":{"line":54,"column":5}},"21":{"start":{"line":51,"column":6},"end":{"line":51,"column":18}},"22":{"start":{"line":53,"column":6},"end":{"line":53,"column":17}},"23":{"start":{"line":58,"column":16},"end":{"line":61,"column":3}},"24":{"start":{"line":59,"column":4},"end":{"line":59,"column":15}},"25":{"start":{"line":60,"column":4},"end":{"line":60,"column":19}},"26":{"start":{"line":64,"column":2},"end":{"line":113,"column":3}},"27":{"start":{"line":78,"column":52},"end":{"line":78,"column":75}},"28":{"start":{"line":82,"column":20},"end":{"line":84,"column":29}},"29":{"start":{"line":90,"column":56},"end":{"line":90,"column":83}},"30":{"start":{"line":100,"column":99},"end":{"line":100,"column":130}}},"fnMap":{"0":{"name":"(anonymous_0)","decl":{"start":{"line":9,"column":14},"end":{"line":9,"column":15}},"loc":{"start":{"line":9,"column":20},"end":{"line":114,"column":1}},"line":9},"1":{"name":"(anonymous_1)","decl":{"start":{"line":22,"column":35},"end":{"line":22,"column":36}},"loc":{"start":{"line":22,"column":43},"end":{"line":22,"column":80}},"line":22},"2":{"name":"(anonymous_2)","decl":{"start":{"line":25,"column":22},"end":{"line":25,"column":23}},"loc":{"start":{"line":25,"column":34},"end":{"line":47,"column":3}},"line":25},"3":{"name":"(anonymous_3)","decl":{"start":{"line":49,"column":26},"end":{"line":49,"column":27}},"loc":{"start":{"line":49,"column":32},"end":{"line":55,"column":3}},"line":49},"4":{"name":"(anonymous_4)","decl":{"start":{"line":58,"column":16},"end":{"line":58,"column":17}},"loc":{"start":{"line":58,"column":22},"end":{"line":61,"column":3}},"line":58},"5":{"name":"(anonymous_5)","decl":{"start":{"line":78,"column":47},"end":{"line":78,"column":48}},"loc":{"start":{"line":78,"column":52},"end":{"line":78,"column":75}},"line":78},"6":{"name":"(anonymous_6)","decl":{"start":{"line":80,"column":31},"end":{"line":80,"column":32}},"loc":{"start":{"line":82,"column":20},"end":{"line":84,"column":29}},"line":82},"7":{"name":"(anonymous_7)","decl":{"start":{"line":90,"column":51},"end":{"line":90,"column":52}},"loc":{"start":{"line":90,"column":56},"end":{"line":90,"column":83}},"line":90},"8":{"name":"(anonymous_8)","decl":{"start":{"line":100,"column":94},"end":{"line":100,"column":95}},"loc":{"start":{"line":100,"column":99},"end":{"line":100,"column":130}},"line":100}},"branchMap":{"0":{"loc":{"start":{"line":19,"column":2},"end":{"line":19,"column":26}},"type":"if","locations":[{"start":{"line":19,"column":2},"end":{"line":19,"column":26}},{"start":{},"end":{}}],"line":19},"1":{"loc":{"start":{"line":39,"column":4},"end":{"line":46,"column":5}},"type":"if","locations":[{"start":{"line":39,"column":4},"end":{"line":46,"column":5}},{"start":{"line":43,"column":11},"end":{"line":46,"column":5}}],"line":39},"2":{"loc":{"start":{"line":50,"column":4},"end":{"line":54,"column":5}},"type":"if","locations":[{"start":{"line":50,"column":4},"end":{"line":54,"column":5}},{"start":{"line":52,"column":11},"end":{"line":54,"column":5}}],"line":50},"3":{"loc":{"start":{"line":50,"column":8},"end":{"line":50,"column":62}},"type":"binary-expr","locations":[{"start":{"line":50,"column":8},"end":{"line":50,"column":25}},{"start":{"line":50,"column":29},"end":{"line":50,"column":37}},{"start":{"line":50,"column":41},"end":{"line":50,"column":62}}],"line":50},"4":{"loc":{"start":{"line":66,"column":7},"end":{"line":111,"column":12}},"type":"cond-expr","locations":[{"start":{"line":66,"column":33},"end":{"line":109,"column":12}},{"start":{"line":109,"column":15},"end":{"line":111,"column":12}}],"line":66},"5":{"loc":{"start":{"line":66,"column":7},"end":{"line":66,"column":30}},"type":"binary-expr","locations":[{"start":{"line":66,"column":7},"end":{"line":66,"column":12}},{"start":{"line":66,"column":16},"end":{"line":66,"column":30}}],"line":66},"6":{"loc":{"start":{"line":68,"column":11},"end":{"line":68,"column":36}},"type":"binary-expr","locations":[{"start":{"line":68,"column":11},"end":{"line":68,"column":16}},{"start":{"line":68,"column":20},"end":{"line":68,"column":36}}],"line":68}},"s":{"0":1,"1":1,"2":1,"3":1,"4":1,"5":1,"6":1,"7":1,"8":0,"9":1,"10":8,"11":1,"12":0,"13":0,"14":0,"15":0,"16":0,"17":0,"18":0,"19":1,"20":0,"21":0,"22":0,"23":1,"24":0,"25":0,"26":1,"27":0,"28":2,"29":0,"30":0},"f":{"0":1,"1":8,"2":0,"3":0,"4":0,"5":0,"6":2,"7":0,"8":0},"b":{"0":[0,1],"1":[0,0],"2":[0,0],"3":[0,0,0],"4":[1,0],"5":[1,1],"6":[1,0]},"_coverageSchema":"1a1c01bbd47fc00a2c39e90264f33305004495a9","hash":"3237cc3503888430f84e9a810614d9ef111ae953"}
,"/home/reinaldo/escola-prisma-front/escola-front/src/component/RouterSwitch.tsx": {"path":"/home/reinaldo/escola-prisma-front/escola-front/src/component/RouterSwitch.tsx","statementMap":{"0":{"start":{"line":2,"column":22},"end":{"line":40,"column":1}},"1":{"start":{"line":4,"column":2},"end":{"line":39,"column":3}},"2":{"start":{"line":6,"column":6},"end":{"line":6,"column":17}},"3":{"start":{"line":7,"column":6},"end":{"line":7,"column":12}},"4":{"start":{"line":9,"column":6},"end":{"line":9,"column":17}},"5":{"start":{"line":10,"column":6},"end":{"line":10,"column":12}},"6":{"start":{"line":12,"column":6},"end":{"line":12,"column":17}},"7":{"start":{"line":13,"column":6},"end":{"line":13,"column":12}},"8":{"start":{"line":15,"column":6},"end":{"line":15,"column":17}},"9":{"start":{"line":16,"column":6},"end":{"line":16,"column":12}},"10":{"start":{"line":18,"column":6},"end":{"line":18,"column":17}},"11":{"start":{"line":19,"column":6},"end":{"line":19,"column":12}},"12":{"start":{"line":21,"column":6},"end":{"line":21,"column":17}},"13":{"start":{"line":22,"column":6},"end":{"line":22,"column":12}},"14":{"start":{"line":24,"column":6},"end":{"line":24,"column":17}},"15":{"start":{"line":25,"column":6},"end":{"line":25,"column":12}},"16":{"start":{"line":27,"column":6},"end":{"line":27,"column":17}},"17":{"start":{"line":28,"column":6},"end":{"line":28,"column":12}},"18":{"start":{"line":30,"column":6},"end":{"line":30,"column":17}},"19":{"start":{"line":31,"column":6},"end":{"line":31,"column":12}},"20":{"start":{"line":33,"column":6},"end":{"line":33,"column":17}},"21":{"start":{"line":34,"column":6},"end":{"line":34,"column":12}},"22":{"start":{"line":37,"column":6},"end":{"line":37,"column":28}},"23":{"start":{"line":38,"column":6},"end":{"line":38,"column":12}}},"fnMap":{"0":{"name":"(anonymous_0)","decl":{"start":{"line":2,"column":22},"end":{"line":2,"column":23}},"loc":{"start":{"line":2,"column":48},"end":{"line":40,"column":1}},"line":2}},"branchMap":{"0":{"loc":{"start":{"line":4,"column":2},"end":{"line":39,"column":3}},"type":"switch","locations":[{"start":{"line":5,"column":4},"end":{"line":7,"column":12}},{"start":{"line":8,"column":4},"end":{"line":10,"column":12}},{"start":{"line":11,"column":4},"end":{"line":13,"column":12}},{"start":{"line":14,"column":4},"end":{"line":16,"column":12}},{"start":{"line":17,"column":4},"end":{"line":19,"column":12}},{"start":{"line":20,"column":4},"end":{"line":22,"column":12}},{"start":{"line":23,"column":4},"end":{"line":25,"column":12}},{"start":{"line":26,"column":4},"end":{"line":28,"column":12}},{"start":{"line":29,"column":4},"end":{"line":31,"column":12}},{"start":{"line":32,"column":4},"end":{"line":34,"column":12}},{"start":{"line":36,"column":4},"end":{"line":38,"column":12}}],"line":4}},"s":{"0":1,"1":1,"2":0,"3":0,"4":0,"5":0,"6":0,"7":0,"8":1,"9":0,"10":0,"11":0,"12":0,"13":0,"14":0,"15":0,"16":0,"17":0,"18":0,"19":0,"20":0,"21":0,"22":0,"23":0},"f":{"0":1},"b":{"0":[0,0,0,1,0,0,0,0,0,0,0]},"_coverageSchema":"1a1c01bbd47fc00a2c39e90264f33305004495a9","hash":"5ee47b419acdbfa1053fc5bb599345540ba4c038"}
,"/home/reinaldo/escola-prisma-front/escola-front/src/component/Salles.tsx": {"path":"/home/reinaldo/escola-prisma-front/escola-front/src/component/Salles.tsx","statementMap":{"0":{"start":{"line":4,"column":15},"end":{"line":21,"column":1}},"1":{"start":{"line":6,"column":16},"end":{"line":6,"column":23}},"2":{"start":{"line":8,"column":26},"end":{"line":8,"column":31}},"3":{"start":{"line":9,"column":2},"end":{"line":20,"column":3}}},"fnMap":{"0":{"name":"(anonymous_0)","decl":{"start":{"line":4,"column":15},"end":{"line":4,"column":16}},"loc":{"start":{"line":4,"column":21},"end":{"line":21,"column":1}},"line":4}},"branchMap":{"0":{"loc":{"start":{"line":15,"column":11},"end":{"line":15,"column":74}},"type":"cond-expr","locations":[{"start":{"line":15,"column":32},"end":{"line":15,"column":51}},{"start":{"line":15,"column":54},"end":{"line":15,"column":74}}],"line":15}},"s":{"0":1,"1":1,"2":1,"3":1},"f":{"0":1},"b":{"0":[1,0]},"_coverageSchema":"1a1c01bbd47fc00a2c39e90264f33305004495a9","hash":"5108cd1c96bc069bd4989d1fda4fb35ad4dca78a"}
,"/home/reinaldo/escola-prisma-front/escola-front/src/component/forms/FormAlunos.tsx": {"path":"/home/reinaldo/escola-prisma-front/escola-front/src/component/forms/FormAlunos.tsx","statementMap":{"0":{"start":{"line":8,"column":19},"end":{"line":118,"column":1}},"1":{"start":{"line":10,"column":28},"end":{"line":10,"column":48}},"2":{"start":{"line":11,"column":26},"end":{"line":11,"column":46}},"3":{"start":{"line":12,"column":28},"end":{"line":12,"column":48}},"4":{"start":{"line":13,"column":36},"end":{"line":13,"column":56}},"5":{"start":{"line":14,"column":28},"end":{"line":14,"column":52}},"6":{"start":{"line":16,"column":56},"end":{"line":16,"column":63}},"7":{"start":{"line":19,"column":22},"end":{"line":44,"column":3}},"8":{"start":{"line":20,"column":24},"end":{"line":20,"column":37}},"9":{"start":{"line":21,"column":24},"end":{"line":21,"column":41}},"10":{"start":{"line":22,"column":33},"end":{"line":33,"column":5}},"11":{"start":{"line":35,"column":4},"end":{"line":43,"column":5}},"12":{"start":{"line":36,"column":6},"end":{"line":36,"column":31}},"13":{"start":{"line":37,"column":6},"end":{"line":37,"column":20}},"14":{"start":{"line":38,"column":6},"end":{"line":38,"column":14}},"15":{"start":{"line":39,"column":6},"end":{"line":39,"column":22}},"16":{"start":{"line":41,"column":6},"end":{"line":41,"column":14}},"17":{"start":{"line":42,"column":6},"end":{"line":42,"column":21}},"18":{"start":{"line":48,"column":23},"end":{"line":57,"column":3}},"19":{"start":{"line":49,"column":36},"end":{"line":54,"column":5}},"20":{"start":{"line":55,"column":25},"end":{"line":55,"column":53}},"21":{"start":{"line":56,"column":4},"end":{"line":56,"column":36}},"22":{"start":{"line":60,"column":26},"end":{"line":66,"column":3}},"23":{"start":{"line":61,"column":4},"end":{"line":65,"column":5}},"24":{"start":{"line":62,"column":6},"end":{"line":62,"column":18}},"25":{"start":{"line":64,"column":6},"end":{"line":64,"column":17}},"26":{"start":{"line":69,"column":16},"end":{"line":74,"column":3}},"27":{"start":{"line":70,"column":4},"end":{"line":70,"column":16}},"28":{"start":{"line":71,"column":4},"end":{"line":71,"column":15}},"29":{"start":{"line":72,"column":4},"end":{"line":72,"column":16}},"30":{"start":{"line":73,"column":4},"end":{"line":73,"column":20}},"31":{"start":{"line":77,"column":2},"end":{"line":117,"column":3}},"32":{"start":{"line":90,"column":52},"end":{"line":90,"column":75}},"33":{"start":{"line":93,"column":53},"end":{"line":93,"column":77}},"34":{"start":{"line":96,"column":53},"end":{"line":96,"column":77}},"35":{"start":{"line":99,"column":55},"end":{"line":99,"column":83}},"36":{"start":{"line":101,"column":18},"end":{"line":103,"column":27}}},"fnMap":{"0":{"name":"(anonymous_0)","decl":{"start":{"line":8,"column":19},"end":{"line":8,"column":20}},"loc":{"start":{"line":8,"column":25},"end":{"line":118,"column":1}},"line":8},"1":{"name":"(anonymous_1)","decl":{"start":{"line":19,"column":22},"end":{"line":19,"column":23}},"loc":{"start":{"line":19,"column":34},"end":{"line":44,"column":3}},"line":19},"2":{"name":"(anonymous_2)","decl":{"start":{"line":48,"column":23},"end":{"line":48,"column":24}},"loc":{"start":{"line":48,"column":35},"end":{"line":57,"column":3}},"line":48},"3":{"name":"(anonymous_3)","decl":{"start":{"line":60,"column":26},"end":{"line":60,"column":27}},"loc":{"start":{"line":60,"column":32},"end":{"line":66,"column":3}},"line":60},"4":{"name":"(anonymous_4)","decl":{"start":{"line":69,"column":16},"end":{"line":69,"column":17}},"loc":{"start":{"line":69,"column":22},"end":{"line":74,"column":3}},"line":69},"5":{"name":"(anonymous_5)","decl":{"start":{"line":90,"column":47},"end":{"line":90,"column":48}},"loc":{"start":{"line":90,"column":52},"end":{"line":90,"column":75}},"line":90},"6":{"name":"(anonymous_6)","decl":{"start":{"line":93,"column":48},"end":{"line":93,"column":49}},"loc":{"start":{"line":93,"column":53},"end":{"line":93,"column":77}},"line":93},"7":{"name":"(anonymous_7)","decl":{"start":{"line":96,"column":48},"end":{"line":96,"column":49}},"loc":{"start":{"line":96,"column":53},"end":{"line":96,"column":77}},"line":96},"8":{"name":"(anonymous_8)","decl":{"start":{"line":99,"column":50},"end":{"line":99,"column":51}},"loc":{"start":{"line":99,"column":55},"end":{"line":99,"column":83}},"line":99},"9":{"name":"(anonymous_9)","decl":{"start":{"line":100,"column":39},"end":{"line":100,"column":40}},"loc":{"start":{"line":101,"column":18},"end":{"line":103,"column":27}},"line":101}},"branchMap":{"0":{"loc":{"start":{"line":35,"column":4},"end":{"line":43,"column":5}},"type":"if","locations":[{"start":{"line":35,"column":4},"end":{"line":43,"column":5}},{"start":{"line":40,"column":11},"end":{"line":43,"column":5}}],"line":35},"1":{"loc":{"start":{"line":61,"column":4},"end":{"line":65,"column":5}},"type":"if","locations":[{"start":{"line":61,"column":4},"end":{"line":65,"column":5}},{"start":{"line":63,"column":11},"end":{"line":65,"column":5}}],"line":61},"2":{"loc":{"start":{"line":61,"column":8},"end":{"line":61,"column":95}},"type":"binary-expr","locations":[{"start":{"line":61,"column":8},"end":{"line":61,"column":26}},{"start":{"line":61,"column":30},"end":{"line":61,"column":47}},{"start":{"line":61,"column":51},"end":{"line":61,"column":69}},{"start":{"line":61,"column":73},"end":{"line":61,"column":95}}],"line":61},"3":{"loc":{"start":{"line":79,"column":7},"end":{"line":115,"column":12}},"type":"cond-expr","locations":[{"start":{"line":79,"column":23},"end":{"line":113,"column":12}},{"start":{"line":113,"column":15},"end":{"line":115,"column":12}}],"line":79},"4":{"loc":{"start":{"line":79,"column":7},"end":{"line":79,"column":20}},"type":"binary-expr","locations":[{"start":{"line":79,"column":7},"end":{"line":79,"column":12}},{"start":{"line":79,"column":16},"end":{"line":79,"column":20}}],"line":79},"5":{"loc":{"start":{"line":80,"column":9},"end":{"line":80,"column":34}},"type":"binary-expr","locations":[{"start":{"line":80,"column":9},"end":{"line":80,"column":14}},{"start":{"line":80,"column":18},"end":{"line":80,"column":34}}],"line":80}},"s":{"0":1,"1":2,"2":2,"3":2,"4":2,"5":2,"6":2,"7":2,"8":1,"9":1,"10":1,"11":1,"12":0,"13":0,"14":0,"15":0,"16":1,"17":1,"18":2,"19":0,"20":0,"21":0,"22":2,"23":1,"24":1,"25":0,"26":2,"27":1,"28":1,"29":1,"30":1,"31":2,"32":0,"33":0,"34":0,"35":0,"36":8},"f":{"0":2,"1":1,"2":0,"3":1,"4":1,"5":0,"6":0,"7":0,"8":0,"9":8},"b":{"0":[0,1],"1":[1,0],"2":[1,0,0,0],"3":[2,0],"4":[2,2],"5":[2,1]},"_coverageSchema":"1a1c01bbd47fc00a2c39e90264f33305004495a9","hash":"9d24a064fccdb0f858f8cc873203063bf11cc998"}
,"/home/reinaldo/escola-prisma-front/escola-front/src/component/forms/FormDelStudent.tsx": {"path":"/home/reinaldo/escola-prisma-front/escola-front/src/component/forms/FormDelStudent.tsx","statementMap":{"0":{"start":{"line":11,"column":23},"end":{"line":89,"column":1}},"1":{"start":{"line":12,"column":32},"end":{"line":12,"column":49}},"2":{"start":{"line":14,"column":20},"end":{"line":14,"column":27}},"3":{"start":{"line":17,"column":19},"end":{"line":17,"column":32}},"4":{"start":{"line":19,"column":17},"end":{"line":19,"column":28}},"5":{"start":{"line":22,"column":2},"end":{"line":36,"column":10}},"6":{"start":{"line":23,"column":19},"end":{"line":34,"column":5}},"7":{"start":{"line":24,"column":35},"end":{"line":29,"column":7}},"8":{"start":{"line":30,"column":33},"end":{"line":30,"column":72}},"9":{"start":{"line":32,"column":6},"end":{"line":32,"column":29}},"10":{"start":{"line":32,"column":17},"end":{"line":32,"column":29}},"11":{"start":{"line":33,"column":6},"end":{"line":33,"column":38}},"12":{"start":{"line":33,"column":19},"end":{"line":33,"column":38}},"13":{"start":{"line":35,"column":4},"end":{"line":35,"column":12}},"14":{"start":{"line":38,"column":24},"end":{"line":38,"column":99}},"15":{"start":{"line":38,"column":58},"end":{"line":38,"column":98}},"16":{"start":{"line":39,"column":2},"end":{"line":39,"column":34}},"17":{"start":{"line":39,"column":21},"end":{"line":39,"column":34}},"18":{"start":{"line":43,"column":29},"end":{"line":60,"column":3}},"19":{"start":{"line":44,"column":33},"end":{"line":49,"column":5}},"20":{"start":{"line":50,"column":31},"end":{"line":50,"column":70}},"21":{"start":{"line":51,"column":4},"end":{"line":54,"column":5}},"22":{"start":{"line":52,"column":6},"end":{"line":52,"column":18}},"23":{"start":{"line":53,"column":6},"end":{"line":53,"column":19}},"24":{"start":{"line":55,"column":4},"end":{"line":58,"column":5}},"25":{"start":{"line":56,"column":6},"end":{"line":56,"column":20}},"26":{"start":{"line":57,"column":6},"end":{"line":57,"column":19}},"27":{"start":{"line":62,"column":21},"end":{"line":64,"column":3}},"28":{"start":{"line":63,"column":4},"end":{"line":63,"column":18}},"29":{"start":{"line":66,"column":2},"end":{"line":88,"column":3}}},"fnMap":{"0":{"name":"(anonymous_0)","decl":{"start":{"line":11,"column":23},"end":{"line":11,"column":24}},"loc":{"start":{"line":11,"column":29},"end":{"line":89,"column":1}},"line":11},"1":{"name":"(anonymous_1)","decl":{"start":{"line":22,"column":12},"end":{"line":22,"column":13}},"loc":{"start":{"line":22,"column":18},"end":{"line":36,"column":3}},"line":22},"2":{"name":"(anonymous_2)","decl":{"start":{"line":23,"column":19},"end":{"line":23,"column":20}},"loc":{"start":{"line":23,"column":31},"end":{"line":34,"column":5}},"line":23},"3":{"name":"(anonymous_3)","decl":{"start":{"line":38,"column":47},"end":{"line":38,"column":48}},"loc":{"start":{"line":38,"column":58},"end":{"line":38,"column":98}},"line":38},"4":{"name":"(anonymous_4)","decl":{"start":{"line":43,"column":29},"end":{"line":43,"column":30}},"loc":{"start":{"line":43,"column":41},"end":{"line":60,"column":3}},"line":43},"5":{"name":"(anonymous_5)","decl":{"start":{"line":62,"column":21},"end":{"line":62,"column":22}},"loc":{"start":{"line":62,"column":27},"end":{"line":64,"column":3}},"line":62}},"branchMap":{"0":{"loc":{"start":{"line":32,"column":6},"end":{"line":32,"column":29}},"type":"if","locations":[{"start":{"line":32,"column":6},"end":{"line":32,"column":29}},{"start":{},"end":{}}],"line":32},"1":{"loc":{"start":{"line":33,"column":6},"end":{"line":33,"column":38}},"type":"if","locations":[{"start":{"line":33,"column":6},"end":{"line":33,"column":38}},{"start":{},"end":{}}],"line":33},"2":{"loc":{"start":{"line":38,"column":24},"end":{"line":38,"column":99}},"type":"binary-expr","locations":[{"start":{"line":38,"column":24},"end":{"line":38,"column":31}},{"start":{"line":38,"column":36},"end":{"line":38,"column":99}}],"line":38},"3":{"loc":{"start":{"line":39,"column":2},"end":{"line":39,"column":34}},"type":"if","locations":[{"start":{"line":39,"column":2},"end":{"line":39,"column":34}},{"start":{},"end":{}}],"line":39},"4":{"loc":{"start":{"line":51,"column":4},"end":{"line":54,"column":5}},"type":"if","locations":[{"start":{"line":51,"column":4},"end":{"line":54,"column":5}},{"start":{},"end":{}}],"line":51},"5":{"loc":{"start":{"line":55,"column":4},"end":{"line":58,"column":5}},"type":"if","locations":[{"start":{"line":55,"column":4},"end":{"line":58,"column":5}},{"start":{},"end":{}}],"line":55},"6":{"loc":{"start":{"line":68,"column":7},"end":{"line":86,"column":106}},"type":"cond-expr","locations":[{"start":{"line":68,"column":17},"end":{"line":86,"column":12}},{"start":{"line":86,"column":15},"end":{"line":86,"column":106}}],"line":68},"7":{"loc":{"start":{"line":79,"column":14},"end":{"line":79,"column":90}},"type":"binary-expr","locations":[{"start":{"line":79,"column":14},"end":{"line":79,"column":31}},{"start":{"line":79,"column":35},"end":{"line":79,"column":90}}],"line":79}},"s":{"0":1,"1":1,"2":1,"3":1,"4":1,"5":1,"6":1,"7":1,"8":1,"9":0,"10":0,"11":0,"12":0,"13":1,"14":1,"15":0,"16":1,"17":1,"18":1,"19":0,"20":0,"21":0,"22":0,"23":0,"24":0,"25":0,"26":0,"27":1,"28":0,"29":1},"f":{"0":1,"1":1,"2":1,"3":0,"4":0,"5":0},"b":{"0":[0,0],"1":[0,0],"2":[1,0],"3":[1,0],"4":[0,0],"5":[0,0],"6":[0,1],"7":[0,0]},"_coverageSchema":"1a1c01bbd47fc00a2c39e90264f33305004495a9","hash":"b80b5cb21c46513efef6886def7cd1e49d2f67b3"}
,"/home/reinaldo/escola-prisma-front/escola-front/src/component/forms/FormDelTeacher.tsx": {"path":"/home/reinaldo/escola-prisma-front/escola-front/src/component/forms/FormDelTeacher.tsx","statementMap":{"0":{"start":{"line":6,"column":23},"end":{"line":53,"column":1}},"1":{"start":{"line":7,"column":28},"end":{"line":7,"column":48}},"2":{"start":{"line":9,"column":19},"end":{"line":9,"column":32}},"3":{"start":{"line":11,"column":37},"end":{"line":11,"column":44}},"4":{"start":{"line":14,"column":2},"end":{"line":14,"column":26}},"5":{"start":{"line":14,"column":12},"end":{"line":14,"column":26}},"6":{"start":{"line":16,"column":22},"end":{"line":26,"column":3}},"7":{"start":{"line":17,"column":33},"end":{"line":22,"column":5}},"8":{"start":{"line":23,"column":31},"end":{"line":23,"column":64}},"9":{"start":{"line":24,"column":4},"end":{"line":24,"column":30}},"10":{"start":{"line":24,"column":16},"end":{"line":24,"column":30}},"11":{"start":{"line":25,"column":4},"end":{"line":25,"column":30}},"12":{"start":{"line":25,"column":14},"end":{"line":25,"column":30}},"13":{"start":{"line":28,"column":16},"end":{"line":35,"column":3}},"14":{"start":{"line":29,"column":4},"end":{"line":34,"column":5}},"15":{"start":{"line":37,"column":25},"end":{"line":43,"column":11}},"16":{"start":{"line":38,"column":4},"end":{"line":42,"column":10}},"17":{"start":{"line":41,"column":77},"end":{"line":41,"column":97}},"18":{"start":{"line":45,"column":2},"end":{"line":52,"column":3}}},"fnMap":{"0":{"name":"(anonymous_0)","decl":{"start":{"line":6,"column":23},"end":{"line":6,"column":24}},"loc":{"start":{"line":6,"column":29},"end":{"line":53,"column":1}},"line":6},"1":{"name":"(anonymous_1)","decl":{"start":{"line":16,"column":22},"end":{"line":16,"column":23}},"loc":{"start":{"line":16,"column":44},"end":{"line":26,"column":3}},"line":16},"2":{"name":"(anonymous_2)","decl":{"start":{"line":28,"column":16},"end":{"line":28,"column":17}},"loc":{"start":{"line":28,"column":22},"end":{"line":35,"column":3}},"line":28},"3":{"name":"(anonymous_3)","decl":{"start":{"line":37,"column":106},"end":{"line":37,"column":107}},"loc":{"start":{"line":38,"column":4},"end":{"line":42,"column":10}},"line":38},"4":{"name":"(anonymous_4)","decl":{"start":{"line":41,"column":71},"end":{"line":41,"column":72}},"loc":{"start":{"line":41,"column":77},"end":{"line":41,"column":97}},"line":41}},"branchMap":{"0":{"loc":{"start":{"line":14,"column":2},"end":{"line":14,"column":26}},"type":"if","locations":[{"start":{"line":14,"column":2},"end":{"line":14,"column":26}},{"start":{},"end":{}}],"line":14},"1":{"loc":{"start":{"line":24,"column":4},"end":{"line":24,"column":30}},"type":"if","locations":[{"start":{"line":24,"column":4},"end":{"line":24,"column":30}},{"start":{},"end":{}}],"line":24},"2":{"loc":{"start":{"line":25,"column":4},"end":{"line":25,"column":30}},"type":"if","locations":[{"start":{"line":25,"column":4},"end":{"line":25,"column":30}},{"start":{},"end":{}}],"line":25},"3":{"loc":{"start":{"line":37,"column":25},"end":{"line":43,"column":11}},"type":"cond-expr","locations":[{"start":{"line":37,"column":84},"end":{"line":43,"column":4}},{"start":{"line":43,"column":7},"end":{"line":43,"column":11}}],"line":37},"4":{"loc":{"start":{"line":37,"column":25},"end":{"line":37,"column":81}},"type":"binary-expr","locations":[{"start":{"line":37,"column":25},"end":{"line":37,"column":49}},{"start":{"line":37,"column":53},"end":{"line":37,"column":81}}],"line":37},"5":{"loc":{"start":{"line":48,"column":9},"end":{"line":48,"column":38}},"type":"cond-expr","locations":[{"start":{"line":48,"column":24},"end":{"line":48,"column":31}},{"start":{"line":48,"column":34},"end":{"line":48,"column":38}}],"line":48},"6":{"loc":{"start":{"line":49,"column":9},"end":{"line":49,"column":74}},"type":"cond-expr","locations":[{"start":{"line":49,"column":26},"end":{"line":49,"column":40}},{"start":{"line":49,"column":43},"end":{"line":49,"column":74}}],"line":49}},"s":{"0":1,"1":1,"2":1,"3":1,"4":1,"5":0,"6":1,"7":0,"8":0,"9":0,"10":0,"11":0,"12":0,"13":1,"14":0,"15":1,"16":4,"17":0,"18":1},"f":{"0":1,"1":0,"2":0,"3":4,"4":0},"b":{"0":[0,1],"1":[0,0],"2":[0,0],"3":[1,0],"4":[1,1],"5":[0,1],"6":[1,0]},"_coverageSchema":"1a1c01bbd47fc00a2c39e90264f33305004495a9","hash":"0e50b32d5fbc410bf1a24a9f67b3d8212dab1505"}
,"/home/reinaldo/escola-prisma-front/escola-front/src/component/lists/ListAlunos.tsx": {"path":"/home/reinaldo/escola-prisma-front/escola-front/src/component/lists/ListAlunos.tsx","statementMap":{"0":{"start":{"line":7,"column":19},"end":{"line":110,"column":1}},"1":{"start":{"line":8,"column":35},"end":{"line":8,"column":59}},"2":{"start":{"line":9,"column":52},"end":{"line":9,"column":81}},"3":{"start":{"line":10,"column":30},"end":{"line":10,"column":54}},"4":{"start":{"line":12,"column":19},"end":{"line":12,"column":32}},"5":{"start":{"line":14,"column":31},"end":{"line":14,"column":38}},"6":{"start":{"line":16,"column":38},"end":{"line":16,"column":49}},"7":{"start":{"line":17,"column":23},"end":{"line":17,"column":24}},"8":{"start":{"line":18,"column":26},"end":{"line":18,"column":42}},"9":{"start":{"line":19,"column":29},"end":{"line":19,"column":30}},"10":{"start":{"line":23,"column":27},"end":{"line":25,"column":3}},"11":{"start":{"line":24,"column":4},"end":{"line":24,"column":30}},"12":{"start":{"line":27,"column":21},"end":{"line":29,"column":3}},"13":{"start":{"line":28,"column":4},"end":{"line":28,"column":60}},"14":{"start":{"line":31,"column":24},"end":{"line":34,"column":3}},"15":{"start":{"line":37,"column":29},"end":{"line":41,"column":3}},"16":{"start":{"line":38,"column":4},"end":{"line":38,"column":20}},"17":{"start":{"line":39,"column":4},"end":{"line":39,"column":20}},"18":{"start":{"line":40,"column":4},"end":{"line":40,"column":29}},"19":{"start":{"line":43,"column":21},"end":{"line":47,"column":3}},"20":{"start":{"line":44,"column":4},"end":{"line":44,"column":21}},"21":{"start":{"line":45,"column":4},"end":{"line":45,"column":21}},"22":{"start":{"line":46,"column":4},"end":{"line":46,"column":31}},"23":{"start":{"line":49,"column":21},"end":{"line":51,"column":3}},"24":{"start":{"line":50,"column":4},"end":{"line":50,"column":35}},"25":{"start":{"line":53,"column":31},"end":{"line":73,"column":3}},"26":{"start":{"line":54,"column":4},"end":{"line":69,"column":5}},"27":{"start":{"line":55,"column":21},"end":{"line":55,"column":86}},"28":{"start":{"line":55,"column":53},"end":{"line":55,"column":85}},"29":{"start":{"line":57,"column":6},"end":{"line":66,"column":9}},"30":{"start":{"line":58,"column":8},"end":{"line":65,"column":13}},"31":{"start":{"line":62,"column":89},"end":{"line":62,"column":110}},"32":{"start":{"line":70,"column":4},"end":{"line":70,"column":16}},"33":{"start":{"line":76,"column":21},"end":{"line":85,"column":4}},"34":{"start":{"line":77,"column":4},"end":{"line":84,"column":9}},"35":{"start":{"line":82,"column":77},"end":{"line":82,"column":105}},"36":{"start":{"line":88,"column":2},"end":{"line":109,"column":3}}},"fnMap":{"0":{"name":"(anonymous_0)","decl":{"start":{"line":7,"column":19},"end":{"line":7,"column":20}},"loc":{"start":{"line":7,"column":25},"end":{"line":110,"column":1}},"line":7},"1":{"name":"(anonymous_1)","decl":{"start":{"line":23,"column":27},"end":{"line":23,"column":28}},"loc":{"start":{"line":23,"column":51},"end":{"line":25,"column":3}},"line":23},"2":{"name":"(anonymous_2)","decl":{"start":{"line":27,"column":36},"end":{"line":27,"column":37}},"loc":{"start":{"line":28,"column":4},"end":{"line":28,"column":60}},"line":28},"3":{"name":"(anonymous_3)","decl":{"start":{"line":37,"column":29},"end":{"line":37,"column":30}},"loc":{"start":{"line":37,"column":45},"end":{"line":41,"column":3}},"line":37},"4":{"name":"(anonymous_4)","decl":{"start":{"line":43,"column":21},"end":{"line":43,"column":22}},"loc":{"start":{"line":43,"column":27},"end":{"line":47,"column":3}},"line":43},"5":{"name":"(anonymous_5)","decl":{"start":{"line":49,"column":21},"end":{"line":49,"column":22}},"loc":{"start":{"line":49,"column":37},"end":{"line":51,"column":3}},"line":49},"6":{"name":"(anonymous_6)","decl":{"start":{"line":53,"column":31},"end":{"line":53,"column":32}},"loc":{"start":{"line":53,"column":37},"end":{"line":73,"column":3}},"line":53},"7":{"name":"(anonymous_7)","decl":{"start":{"line":55,"column":40},"end":{"line":55,"column":41}},"loc":{"start":{"line":55,"column":53},"end":{"line":55,"column":85}},"line":55},"8":{"name":"(anonymous_8)","decl":{"start":{"line":57,"column":32},"end":{"line":57,"column":33}},"loc":{"start":{"line":58,"column":8},"end":{"line":65,"column":13}},"line":58},"9":{"name":"(anonymous_9)","decl":{"start":{"line":62,"column":83},"end":{"line":62,"column":84}},"loc":{"start":{"line":62,"column":89},"end":{"line":62,"column":110}},"line":62},"10":{"name":"(anonymous_10)","decl":{"start":{"line":76,"column":63},"end":{"line":76,"column":64}},"loc":{"start":{"line":77,"column":4},"end":{"line":84,"column":9}},"line":77},"11":{"name":"(anonymous_11)","decl":{"start":{"line":82,"column":71},"end":{"line":82,"column":72}},"loc":{"start":{"line":82,"column":77},"end":{"line":82,"column":105}},"line":82}},"branchMap":{"0":{"loc":{"start":{"line":54,"column":4},"end":{"line":69,"column":5}},"type":"if","locations":[{"start":{"line":54,"column":4},"end":{"line":69,"column":5}},{"start":{},"end":{}}],"line":54},"1":{"loc":{"start":{"line":59,"column":43},"end":{"line":59,"column":90}},"type":"cond-expr","locations":[{"start":{"line":59,"column":69},"end":{"line":59,"column":73}},{"start":{"line":59,"column":76},"end":{"line":59,"column":90}}],"line":59},"2":{"loc":{"start":{"line":62,"column":13},"end":{"line":62,"column":121}},"type":"binary-expr","locations":[{"start":{"line":62,"column":13},"end":{"line":62,"column":18}},{"start":{"line":62,"column":22},"end":{"line":62,"column":121}}],"line":62},"3":{"loc":{"start":{"line":76,"column":21},"end":{"line":85,"column":4}},"type":"binary-expr","locations":[{"start":{"line":76,"column":21},"end":{"line":76,"column":41}},{"start":{"line":76,"column":45},"end":{"line":85,"column":4}}],"line":76},"4":{"loc":{"start":{"line":79,"column":38},"end":{"line":79,"column":92}},"type":"cond-expr","locations":[{"start":{"line":79,"column":65},"end":{"line":79,"column":85}},{"start":{"line":79,"column":88},"end":{"line":79,"column":92}}],"line":79},"5":{"loc":{"start":{"line":80,"column":39},"end":{"line":80,"column":99}},"type":"cond-expr","locations":[{"start":{"line":80,"column":66},"end":{"line":80,"column":92}},{"start":{"line":80,"column":95},"end":{"line":80,"column":99}}],"line":80},"6":{"loc":{"start":{"line":91,"column":36},"end":{"line":92,"column":86}},"type":"cond-expr","locations":[{"start":{"line":91,"column":64},"end":{"line":91,"column":82}},{"start":{"line":91,"column":85},"end":{"line":92,"column":86}}],"line":91},"7":{"loc":{"start":{"line":91,"column":36},"end":{"line":91,"column":61}},"type":"binary-expr","locations":[{"start":{"line":91,"column":36},"end":{"line":91,"column":45}},{"start":{"line":91,"column":49},"end":{"line":91,"column":61}}],"line":91},"8":{"loc":{"start":{"line":91,"column":85},"end":{"line":92,"column":86}},"type":"cond-expr","locations":[{"start":{"line":91,"column":118},"end":{"line":91,"column":129}},{"start":{"line":92,"column":10},"end":{"line":92,"column":86}}],"line":91},"9":{"loc":{"start":{"line":94,"column":9},"end":{"line":94,"column":87}},"type":"cond-expr","locations":[{"start":{"line":94,"column":38},"end":{"line":94,"column":55}},{"start":{"line":94,"column":58},"end":{"line":94,"column":87}}],"line":94},"10":{"loc":{"start":{"line":94,"column":9},"end":{"line":94,"column":35}},"type":"binary-expr","locations":[{"start":{"line":94,"column":9},"end":{"line":94,"column":19}},{"start":{"line":94,"column":23},"end":{"line":94,"column":35}}],"line":94},"11":{"loc":{"start":{"line":95,"column":9},"end":{"line":95,"column":57}},"type":"binary-expr","locations":[{"start":{"line":95,"column":9},"end":{"line":95,"column":31}},{"start":{"line":95,"column":35},"end":{"line":95,"column":57}}],"line":95},"12":{"loc":{"start":{"line":96,"column":9},"end":{"line":106,"column":23}},"type":"cond-expr","locations":[{"start":{"line":97,"column":10},"end":{"line":106,"column":16}},{"start":{"line":106,"column":19},"end":{"line":106,"column":23}}],"line":96},"13":{"loc":{"start":{"line":96,"column":9},"end":{"line":96,"column":50}},"type":"binary-expr","locations":[{"start":{"line":96,"column":9},"end":{"line":96,"column":39}},{"start":{"line":96,"column":43},"end":{"line":96,"column":50}}],"line":96}},"s":{"0":1,"1":1,"2":1,"3":1,"4":1,"5":1,"6":1,"7":1,"8":1,"9":1,"10":1,"11":0,"12":1,"13":0,"14":1,"15":1,"16":0,"17":0,"18":0,"19":1,"20":0,"21":0,"22":0,"23":1,"24":0,"25":1,"26":0,"27":0,"28":0,"29":0,"30":0,"31":0,"32":0,"33":1,"34":1,"35":0,"36":1},"f":{"0":1,"1":0,"2":0,"3":0,"4":0,"5":0,"6":0,"7":0,"8":0,"9":0,"10":1,"11":0},"b":{"0":[0,0],"1":[0,0],"2":[0,0],"3":[1,1],"4":[1,0],"5":[1,0],"6":[1,0],"7":[1,1],"8":[0,0],"9":[1,0],"10":[1,1],"11":[1,0],"12":[0,1],"13":[1,0]},"_coverageSchema":"1a1c01bbd47fc00a2c39e90264f33305004495a9","hash":"adc7a3482776ea3fabe2734a1d703d8c91950536"}
,"/home/reinaldo/escola-prisma-front/escola-front/src/component/lists/ListProfessores.tsx": {"path":"/home/reinaldo/escola-prisma-front/escola-front/src/component/lists/ListProfessores.tsx","statementMap":{"0":{"start":{"line":7,"column":24},"end":{"line":107,"column":1}},"1":{"start":{"line":8,"column":35},"end":{"line":8,"column":59}},"2":{"start":{"line":9,"column":52},"end":{"line":9,"column":81}},"3":{"start":{"line":10,"column":30},"end":{"line":10,"column":54}},"4":{"start":{"line":12,"column":32},"end":{"line":12,"column":39}},"5":{"start":{"line":14,"column":38},"end":{"line":14,"column":49}},"6":{"start":{"line":15,"column":23},"end":{"line":15,"column":24}},"7":{"start":{"line":16,"column":26},"end":{"line":16,"column":50}},"8":{"start":{"line":17,"column":29},"end":{"line":17,"column":30}},"9":{"start":{"line":21,"column":27},"end":{"line":23,"column":3}},"10":{"start":{"line":22,"column":4},"end":{"line":22,"column":30}},"11":{"start":{"line":25,"column":21},"end":{"line":27,"column":3}},"12":{"start":{"line":26,"column":4},"end":{"line":26,"column":60}},"13":{"start":{"line":29,"column":24},"end":{"line":32,"column":3}},"14":{"start":{"line":34,"column":29},"end":{"line":38,"column":3}},"15":{"start":{"line":35,"column":4},"end":{"line":35,"column":20}},"16":{"start":{"line":36,"column":4},"end":{"line":36,"column":20}},"17":{"start":{"line":37,"column":4},"end":{"line":37,"column":29}},"18":{"start":{"line":40,"column":21},"end":{"line":44,"column":3}},"19":{"start":{"line":41,"column":4},"end":{"line":41,"column":21}},"20":{"start":{"line":42,"column":4},"end":{"line":42,"column":21}},"21":{"start":{"line":43,"column":4},"end":{"line":43,"column":31}},"22":{"start":{"line":46,"column":31},"end":{"line":72,"column":3}},"23":{"start":{"line":47,"column":4},"end":{"line":62,"column":5}},"24":{"start":{"line":48,"column":21},"end":{"line":48,"column":86}},"25":{"start":{"line":48,"column":53},"end":{"line":48,"column":85}},"26":{"start":{"line":51,"column":6},"end":{"line":61,"column":7}},"27":{"start":{"line":52,"column":8},"end":{"line":60,"column":11}},"28":{"start":{"line":53,"column":10},"end":{"line":59,"column":15}},"29":{"start":{"line":64,"column":4},"end":{"line":71,"column":6}},"30":{"start":{"line":75,"column":22},"end":{"line":84,"column":4}},"31":{"start":{"line":76,"column":4},"end":{"line":83,"column":9}},"32":{"start":{"line":81,"column":77},"end":{"line":81,"column":107}},"33":{"start":{"line":86,"column":2},"end":{"line":106,"column":4}}},"fnMap":{"0":{"name":"(anonymous_0)","decl":{"start":{"line":7,"column":24},"end":{"line":7,"column":25}},"loc":{"start":{"line":7,"column":30},"end":{"line":107,"column":1}},"line":7},"1":{"name":"(anonymous_1)","decl":{"start":{"line":21,"column":27},"end":{"line":21,"column":28}},"loc":{"start":{"line":21,"column":51},"end":{"line":23,"column":3}},"line":21},"2":{"name":"(anonymous_2)","decl":{"start":{"line":25,"column":44},"end":{"line":25,"column":45}},"loc":{"start":{"line":26,"column":4},"end":{"line":26,"column":60}},"line":26},"3":{"name":"(anonymous_3)","decl":{"start":{"line":34,"column":29},"end":{"line":34,"column":30}},"loc":{"start":{"line":34,"column":45},"end":{"line":38,"column":3}},"line":34},"4":{"name":"(anonymous_4)","decl":{"start":{"line":40,"column":21},"end":{"line":40,"column":22}},"loc":{"start":{"line":40,"column":27},"end":{"line":44,"column":3}},"line":40},"5":{"name":"(anonymous_5)","decl":{"start":{"line":46,"column":31},"end":{"line":46,"column":32}},"loc":{"start":{"line":46,"column":37},"end":{"line":72,"column":3}},"line":46},"6":{"name":"(anonymous_6)","decl":{"start":{"line":48,"column":40},"end":{"line":48,"column":41}},"loc":{"start":{"line":48,"column":53},"end":{"line":48,"column":85}},"line":48},"7":{"name":"(anonymous_7)","decl":{"start":{"line":52,"column":33},"end":{"line":52,"column":34}},"loc":{"start":{"line":53,"column":10},"end":{"line":59,"column":15}},"line":53},"8":{"name":"(anonymous_8)","decl":{"start":{"line":75,"column":64},"end":{"line":75,"column":65}},"loc":{"start":{"line":76,"column":4},"end":{"line":83,"column":9}},"line":76},"9":{"name":"(anonymous_9)","decl":{"start":{"line":81,"column":71},"end":{"line":81,"column":72}},"loc":{"start":{"line":81,"column":77},"end":{"line":81,"column":107}},"line":81}},"branchMap":{"0":{"loc":{"start":{"line":47,"column":4},"end":{"line":62,"column":5}},"type":"if","locations":[{"start":{"line":47,"column":4},"end":{"line":62,"column":5}},{"start":{},"end":{}}],"line":47},"1":{"loc":{"start":{"line":51,"column":6},"end":{"line":61,"column":7}},"type":"if","locations":[{"start":{"line":51,"column":6},"end":{"line":61,"column":7}},{"start":{},"end":{}}],"line":51},"2":{"loc":{"start":{"line":51,"column":10},"end":{"line":51,"column":52}},"type":"binary-expr","locations":[{"start":{"line":51,"column":10},"end":{"line":51,"column":24}},{"start":{"line":51,"column":28},"end":{"line":51,"column":52}}],"line":51},"3":{"loc":{"start":{"line":75,"column":22},"end":{"line":84,"column":4}},"type":"binary-expr","locations":[{"start":{"line":75,"column":22},"end":{"line":75,"column":42}},{"start":{"line":75,"column":46},"end":{"line":84,"column":4}}],"line":75},"4":{"loc":{"start":{"line":89,"column":36},"end":{"line":89,"column":104}},"type":"cond-expr","locations":[{"start":{"line":89,"column":66},"end":{"line":89,"column":89}},{"start":{"line":89,"column":92},"end":{"line":89,"column":104}}],"line":89},"5":{"loc":{"start":{"line":89,"column":36},"end":{"line":89,"column":63}},"type":"binary-expr","locations":[{"start":{"line":89,"column":36},"end":{"line":89,"column":47}},{"start":{"line":89,"column":51},"end":{"line":89,"column":63}}],"line":89},"6":{"loc":{"start":{"line":90,"column":9},"end":{"line":90,"column":89}},"type":"cond-expr","locations":[{"start":{"line":90,"column":39},"end":{"line":90,"column":57}},{"start":{"line":90,"column":60},"end":{"line":90,"column":89}}],"line":90},"7":{"loc":{"start":{"line":90,"column":9},"end":{"line":90,"column":36}},"type":"binary-expr","locations":[{"start":{"line":90,"column":9},"end":{"line":90,"column":20}},{"start":{"line":90,"column":24},"end":{"line":90,"column":36}}],"line":90},"8":{"loc":{"start":{"line":91,"column":9},"end":{"line":91,"column":65}},"type":"binary-expr","locations":[{"start":{"line":91,"column":9},"end":{"line":91,"column":39}},{"start":{"line":91,"column":43},"end":{"line":91,"column":65}}],"line":91},"9":{"loc":{"start":{"line":92,"column":9},"end":{"line":103,"column":23}},"type":"cond-expr","locations":[{"start":{"line":93,"column":10},"end":{"line":103,"column":16}},{"start":{"line":103,"column":19},"end":{"line":103,"column":23}}],"line":92},"10":{"loc":{"start":{"line":92,"column":9},"end":{"line":92,"column":50}},"type":"binary-expr","locations":[{"start":{"line":92,"column":9},"end":{"line":92,"column":39}},{"start":{"line":92,"column":43},"end":{"line":92,"column":50}}],"line":92}},"s":{"0":1,"1":1,"2":1,"3":1,"4":1,"5":1,"6":1,"7":1,"8":1,"9":1,"10":0,"11":1,"12":5,"13":1,"14":1,"15":0,"16":0,"17":0,"18":1,"19":0,"20":0,"21":0,"22":1,"23":0,"24":0,"25":0,"26":0,"27":0,"28":0,"29":0,"30":1,"31":4,"32":0,"33":1},"f":{"0":1,"1":0,"2":5,"3":0,"4":0,"5":0,"6":0,"7":0,"8":4,"9":0},"b":{"0":[0,0],"1":[0,0],"2":[0,0],"3":[1,1],"4":[1,0],"5":[1,1],"6":[1,0],"7":[1,1],"8":[1,0],"9":[0,1],"10":[1,0]},"_coverageSchema":"1a1c01bbd47fc00a2c39e90264f33305004495a9","hash":"c1b7b92e8a29f96b7a15b9e177ff06234c554f9d"}
,"/home/reinaldo/escola-prisma-front/escola-front/src/component/updates/UpdateAlunos.tsx": {"path":"/home/reinaldo/escola-prisma-front/escola-front/src/component/updates/UpdateAlunos.tsx","statementMap":{"0":{"start":{"line":6,"column":21},"end":{"line":128,"column":1}},"1":{"start":{"line":8,"column":26},"end":{"line":8,"column":46}},"2":{"start":{"line":9,"column":36},"end":{"line":9,"column":56}},"3":{"start":{"line":10,"column":28},"end":{"line":10,"column":52}},"4":{"start":{"line":12,"column":67},"end":{"line":12,"column":74}},"5":{"start":{"line":14,"column":22},"end":{"line":37,"column":3}},"6":{"start":{"line":15,"column":24},"end":{"line":15,"column":41}},"7":{"start":{"line":16,"column":20},"end":{"line":16,"column":68}},"8":{"start":{"line":16,"column":48},"end":{"line":16,"column":67}},"9":{"start":{"line":17,"column":33},"end":{"line":26,"column":5}},"10":{"start":{"line":28,"column":4},"end":{"line":36,"column":5}},"11":{"start":{"line":29,"column":6},"end":{"line":29,"column":48}},"12":{"start":{"line":30,"column":6},"end":{"line":30,"column":20}},"13":{"start":{"line":31,"column":6},"end":{"line":31,"column":14}},"14":{"start":{"line":32,"column":6},"end":{"line":32,"column":22}},"15":{"start":{"line":34,"column":6},"end":{"line":34,"column":14}},"16":{"start":{"line":35,"column":6},"end":{"line":35,"column":21}},"17":{"start":{"line":41,"column":23},"end":{"line":50,"column":3}},"18":{"start":{"line":42,"column":36},"end":{"line":47,"column":5}},"19":{"start":{"line":48,"column":25},"end":{"line":48,"column":53}},"20":{"start":{"line":49,"column":4},"end":{"line":49,"column":36}},"21":{"start":{"line":54,"column":16},"end":{"line":61,"column":3}},"22":{"start":{"line":55,"column":4},"end":{"line":60,"column":5}},"23":{"start":{"line":63,"column":26},"end":{"line":69,"column":3}},"24":{"start":{"line":64,"column":4},"end":{"line":68,"column":5}},"25":{"start":{"line":65,"column":6},"end":{"line":65,"column":18}},"26":{"start":{"line":67,"column":6},"end":{"line":67,"column":17}},"27":{"start":{"line":72,"column":16},"end":{"line":75,"column":3}},"28":{"start":{"line":73,"column":4},"end":{"line":73,"column":15}},"29":{"start":{"line":74,"column":4},"end":{"line":74,"column":20}},"30":{"start":{"line":77,"column":22},"end":{"line":84,"column":3}},"31":{"start":{"line":78,"column":4},"end":{"line":83,"column":5}},"32":{"start":{"line":86,"column":2},"end":{"line":127,"column":3}},"33":{"start":{"line":99,"column":48},"end":{"line":99,"column":71}},"34":{"start":{"line":101,"column":18},"end":{"line":103,"column":27}},"35":{"start":{"line":109,"column":55},"end":{"line":109,"column":83}},"36":{"start":{"line":111,"column":18},"end":{"line":113,"column":27}}},"fnMap":{"0":{"name":"(anonymous_0)","decl":{"start":{"line":6,"column":21},"end":{"line":6,"column":22}},"loc":{"start":{"line":6,"column":27},"end":{"line":128,"column":1}},"line":6},"1":{"name":"(anonymous_1)","decl":{"start":{"line":14,"column":22},"end":{"line":14,"column":23}},"loc":{"start":{"line":14,"column":34},"end":{"line":37,"column":3}},"line":14},"2":{"name":"(anonymous_2)","decl":{"start":{"line":16,"column":37},"end":{"line":16,"column":38}},"loc":{"start":{"line":16,"column":48},"end":{"line":16,"column":67}},"line":16},"3":{"name":"(anonymous_3)","decl":{"start":{"line":41,"column":23},"end":{"line":41,"column":24}},"loc":{"start":{"line":41,"column":35},"end":{"line":50,"column":3}},"line":41},"4":{"name":"(anonymous_4)","decl":{"start":{"line":54,"column":16},"end":{"line":54,"column":17}},"loc":{"start":{"line":54,"column":22},"end":{"line":61,"column":3}},"line":54},"5":{"name":"(anonymous_5)","decl":{"start":{"line":63,"column":26},"end":{"line":63,"column":27}},"loc":{"start":{"line":63,"column":32},"end":{"line":69,"column":3}},"line":63},"6":{"name":"(anonymous_6)","decl":{
[...]
,"/home/reinaldo/escola-prisma-front/escola-front/src/services/fetchApi.tsx": {"path":"/home/reinaldo/escola-prisma-front/escola-front/src/services/fetchApi.tsx","statementMap":{"0":{"start":{"line":3,"column":22},"end":{"line":3,"column":70}},"1":{"start":{"line":4,"column":18},"end":{"line":4,"column":62}},"2":{"start":{"line":5,"column":20},"end":{"line":5,"column":66}},"3":{"start":{"line":6,"column":18},"end":{"line":6,"column":62}},"4":{"start":{"line":7,"column":17},"end":{"line":7,"column":65}},"5":{"start":{"line":10,"column":30},"end":{"line":20,"column":1}},"6":{"start":{"line":11,"column":2},"end":{"line":19,"column":3}},"7":{"start":{"line":12,"column":21},"end":{"line":12,"column":56}},"8":{"start":{"line":13,"column":17},"end":{"line":13,"column":38}},"9":{"start":{"line":14,"column":4},"end":{"line":14,"column":16}},"10":{"start":{"line":16,"column":21},"end":{"line":16,"column":67}},"11":{"start":{"line":17,"column":17},"end":{"line":17,"column":38}},"12":{"start":{"line":18,"column":4},"end":{"line":18,"column":16}},"13":{"start":{"line":22,"column":28},"end":{"line":32,"column":1}},"14":{"start":{"line":23,"column":2},"end":{"line":31,"column":3}},"15":{"start":{"line":24,"column":21},"end":{"line":24,"column":65}},"16":{"start":{"line":25,"column":17},"end":{"line":25,"column":38}},"17":{"start":{"line":26,"column":4},"end":{"line":26,"column":16}},"18":{"start":{"line":28,"column":21},"end":{"line":28,"column":54}},"19":{"start":{"line":29,"column":17},"end":{"line":29,"column":38}},"20":{"start":{"line":30,"column":4},"end":{"line":30,"column":16}},"21":{"start":{"line":34,"column":26},"end":{"line":38,"column":1}},"22":{"start":{"line":35,"column":19},"end":{"line":35,"column":50}},"23":{"start":{"line":36,"column":15},"end":{"line":36,"column":36}},"24":{"start":{"line":37,"column":2},"end":{"line":37,"column":14}},"25":{"start":{"line":40,"column":28},"end":{"line":44,"column":1}},"26":{"start":{"line":41,"column":19},"end":{"line":41,"column":61}},"27":{"start":{"line":42,"column":15},"end":{"line":42,"column":36}},"28":{"start":{"line":43,"column":2},"end":{"line":43,"column":14}},"29":{"start":{"line":46,"column":26},"end":{"line":57,"column":1}},"30":{"start":{"line":47,"column":2},"end":{"line":55,"column":3}},"31":{"start":{"line":48,"column":21},"end":{"line":48,"column":63}},"32":{"start":{"line":49,"column":17},"end":{"line":49,"column":38}},"33":{"start":{"line":50,"column":4},"end":{"line":50,"column":16}},"34":{"start":{"line":52,"column":21},"end":{"line":52,"column":52}},"35":{"start":{"line":53,"column":17},"end":{"line":53,"column":38}},"36":{"start":{"line":54,"column":4},"end":{"line":54,"column":16}},"37":{"start":{"line":59,"column":26},"end":{"line":63,"column":1}},"38":{"start":{"line":60,"column":19},"end":{"line":60,"column":62}},"39":{"start":{"line":61,"column":15},"end":{"line":61,"column":36}},"40":{"start":{"line":62,"column":2},"end":{"line":62,"column":20}}},"fnMap":{"0":{"name":"(anonymous_0)","decl":{"start":{"line":10,"column":30},"end":{"line":10,"column":31}},"loc":{"start":{"line":10,"column":81},"end":{"line":20,"column":1}},"line":10},"1":{"name":"(anonymous_1)","decl":{"start":{"line":22,"column":28},"end":{"line":22,"column":29}},"loc":{"start":{"line":22,"column":79},"end":{"line":32,"column":1}},"line":22},"2":{"name":"(anonymous_2)","decl":{"start":{"line":34,"column":26},"end":{"line":34,"column":27}},"loc":{"start":{"line":34,"column":58},"end":{"line":38,"column":1}},"line":34},"3":{"name":"(anonymous_3)","decl":{"start":{"line":40,"column":28},"end":{"line":40,"column":29}},"loc":{"start":{"line":40,"column":72},"end":{"line":44,"column":1}},"line":40},"4":{"name":"(anonymous_4)","decl":{"start":{"line":46,"column":26},"end":{"line":46,"column":27}},"loc":{"start":{"line":46,"column":77},"end":{"line":57,"column":1}},"line":46},"5":{"name":"(anonymous_5)","decl":{"start":{"line":59,"column":26},"end":{"line":59,"column":27}},"loc":{"start":{"line":59,"column":73},"end":{"line":63,"column":1}},"line":59}},"branchMap":{"0":{"loc":{"start":{"line":11,"column":2},"end":{"line":19,"column":3}},"type":"if","locations":[{"start":{"line":11,"column":2},"end":{"line":19,"column":3}},{"start":{"line":15,"column":9},"end":{"line":19,"column":3}}],"line":11},"1":{"loc":{"start":{"line":23,"column":2},"end":{"line":31,"column":3}},"type":"if","locations":[{"start":{"line":23,"column":2},"end":{"line":31,"column":3}},{"start":{"line":27,"column":9},"end":{"line":31,"column":3}}],"line":23},"2":{"loc":{"start":{"line":47,"column":2},"end":{"line":55,"column":3}},"type":"if","locations":[{"start":{"line":47,"column":2},"end":{"line":55,"column":3}},{"start":{"line":51,"column":9},"end":{"line":55,"column":3}}],"line":47}},"s":{"0":8,"1":8,"2":8,"3":8,"4":8,"5":8,"6":1,"7":1,"8":0,"9":0,"10":0,"11":0,"12":0,"13":8,"14":1,"15":0,"16":0,"17":0,"18":1,"19":0,"20":0,"21":8,"22":1,"23":0,"24":0,"25":8,"26":1,"27":0,"28":0,"29":8,"30":0,"31":0,"32":0,"33":0,"34":0,"35":0,"36":0,"37":8,"38":1,"39":1,"40":1},"f":{"0":1,"1":1,"2":1,"3":1,"4":0,"5":1},"b":{"0":[1,0],"1":[0,1],"2":[0,0]},"_coverageSchema":"1a1c01bbd47fc00a2c39e90264f33305004495a9","hash":"41f9a02b2825a732b5df59c9ad47c61e5ec0ff0c"}
,"/home/reinaldo/escola-prisma-front/escola-front/src/store/state.tsx": {"path":"/home/reinaldo/escola-prisma-front/escola-front/src/store/state.tsx","statementMap":{"0":{"start":{"line":6,"column":24},"end":{"line":31,"column":3}},"1":{"start":{"line":6,"column":68},"end":{"line":31,"column":1}},"2":{"start":{"line":8,"column":21},"end":{"line":8,"column":39}},"3":{"start":{"line":9,"column":20},"end":{"line":9,"column":41}},"4":{"start":{"line":11,"column":35},"end":{"line":11,"column":65}},"5":{"start":{"line":11,"column":46},"end":{"line":11,"column":63}},"6":{"start":{"line":13,"column":44},"end":{"line":13,"column":80}},"7":{"start":{"line":13,"column":55},"end":{"line":13,"column":78}},"8":{"start":{"line":15,"column":35},"end":{"line":15,"column":66}},"9":{"start":{"line":15,"column":46},"end":{"line":15,"column":64}},"10":{"start":{"line":17,"column":34},"end":{"line":17,"column":65}},"11":{"start":{"line":17,"column":45},"end":{"line":17,"column":63}},"12":{"start":{"line":19,"column":36},"end":{"line":19,"column":69}},"13":{"start":{"line":19,"column":47},"end":{"line":19,"column":67}},"14":{"start":{"line":21,"column":40},"end":{"line":21,"column":72}},"15":{"start":{"line":21,"column":51},"end":{"line":21,"column":70}},"16":{"start":{"line":23,"column":24},"end":{"line":23,"column":49}},"17":{"start":{"line":24,"column":22},"end":{"line":24,"column":46}},"18":{"start":{"line":26,"column":20},"end":{"line":26,"column":38}},"19":{"start":{"line":27,"column":22},"end":{"line":27,"column":41}},"20":{"start":{"line":29,"column":20},"end":{"line":29,"column":47}},"21":{"start":{"line":30,"column":22},"end":{"line":30,"column":50}}},"fnMap":{"0":{"name":"(anonymous_0)","decl":{"start":{"line":6,"column":58},"end":{"line":6,"column":59}},"loc":{"start":{"line":6,"column":68},"end":{"line":31,"column":1}},"line":6},"1":{"name":"(anonymous_1)","decl":{"start":{"line":8,"column":15},"end":{"line":8,"column":16}},"loc":{"start":{"line":8,"column":21},"end":{"line":8,"column":39}},"line":8},"2":{"name":"(anonymous_2)","decl":{"start":{"line":9,"column":14},"end":{"line":9,"column":15}},"loc":{"start":{"line":9,"column":20},"end":{"line":9,"column":41}},"line":9},"3":{"name":"(anonymous_3)","decl":{"start":{"line":11,"column":14},"end":{"line":11,"column":15}},"loc":{"start":{"line":11,"column":35},"end":{"line":11,"column":65}},"line":11},"4":{"name":"(anonymous_4)","decl":{"start":{"line":11,"column":39},"end":{"line":11,"column":40}},"loc":{"start":{"line":11,"column":46},"end":{"line":11,"column":63}},"line":11},"5":{"name":"(anonymous_5)","decl":{"start":{"line":13,"column":17},"end":{"line":13,"column":18}},"loc":{"start":{"line":13,"column":44},"end":{"line":13,"column":80}},"line":13},"6":{"name":"(anonymous_6)","decl":{"start":{"line":13,"column":48},"end":{"line":13,"column":49}},"loc":{"start":{"line":13,"column":55},"end":{"line":13,"column":78}},"line":13},"7":{"name":"(anonymous_7)","decl":{"start":{"line":15,"column":13},"end":{"line":15,"column":14}},"loc":{"start":{"line":15,"column":35},"end":{"line":15,"column":66}},"line":15},"8":{"name":"(anonymous_8)","decl":{"start":{"line":15,"column":39},"end":{"line":15,"column":40}},"loc":{"start":{"line":15,"column":46},"end":{"line":15,"column":64}},"line":15},"9":{"name":"(anonymous_9)","decl":{"start":{"line":17,"column":12},"end":{"line":17,"column":13}},"loc":{"start":{"line":17,"column":34},"end":{"line":17,"column":65}},"line":17},"10":{"name":"(anonymous_10)","decl":{"start":{"line":17,"column":38},"end":{"line":17,"column":39}},"loc":{"start":{"line":17,"column":45},"end":{"line":17,"column":63}},"line":17},"11":{"name":"(anonymous_11)","decl":{"start":{"line":19,"column":14},"end":{"line":19,"column":15}},"loc":{"start":{"line":19,"column":36},"end":{"line":19,"column":69}},"line":19},"12":{"name":"(anonymous_12)","decl":{"start":{"line":19,"column":40},"end":{"line":19,"column":41}},"loc":{"start":{"line":19,"column":47},"end":{"line":19,"column":67}},"line":19},"13":{"name":"(anonymous_13)","decl":{"start":{"line":21,"column":18},"end":{"line":21,"column":19}},"loc":{"start":{"line":21,"column":40},"end":{"line":21,"column":72}},"line":21},"14":{"name":"(anonymous_14)","decl":{"start":{"line":21,"column":44},"end":{"line":21,"column":45}},"loc":{"start":{"line":21,"column":51},"end":{"line":21,"column":70}},"line":21},"15":{"name":"(anonymous_15)","decl":{"start":{"line":23,"column":18},"end":{"line":23,"column":19}},"loc":{"start":{"line":23,"column":24},"end":{"line":23,"column":49}},"line":23},"16":{"name":"(anonymous_16)","decl":{"start":{"line":24,"column":16},"end":{"line":24,"column":17}},"loc":{"start":{"line":24,"column":22},"end":{"line":24,"column":46}},"line":24},"17":{"name":"(anonymous_17)","decl":{"start":{"line":26,"column":14},"end":{"line":26,"column":15}},"loc":{"start":{"line":26,"column":20},"end":{"line":26,"column":38}},"line":26},"18":{"name":"(anonymous_18)","decl":{"start":{"line":27,"column":16},"end":{"line":27,"column":17}},"loc":{"start":{"line":27,"column":22},"end":{"line":27,"column":41}},"line":27},"19":{"name":"(anonymous_19)","decl":{"start":{"line":29,"column":14},"end":{"line":29,"column":15}},"loc":{"start":{"line":29,"column":20},"end":{"line":29,"column":47}},"line":29},"20":{"name":"(anonymous_20)","decl":{"start":{"line":30,"column":16},"end":{"line":30,"column":17}},"loc":{"start":{"line":30,"column":22},"end":{"line":30,"column":50}},"line":30}},"branchMap":{},"s":{"0":1,"1":1,"2":0,"3":0,"4":4,"5":4,"6":4,"7":4,"8":4,"9":4,"10":0,"11":0,"12":0,"13":0,"14":0,"15":0,"16":0,"17":0,"18":0,"19":0,"20":0,"21":0},"f":{"0":1,"1":0,"2":0,"3":4,"4":4,"5":4,"6":4,"7":4,"8":4,"9":0,"10":0,"11":0,"12":0,"13":0,"14":0,"15":0,"16":0,"17":0,"18":0,"19":0,"20":0},"b":{},"_coverageSchema":"1a1c01bbd47fc00a2c39e90264f33305004495a9","hash":"54338d4c03c4ac67c1813e0d4a166af128c8104b"}
,"/home/reinaldo/escola-prisma-front/escola-front/src/utils/Stats.tsx": {"path":"/home/reinaldo/escola-prisma-front/escola-front/src/utils/Stats.tsx","statementMap":{"0":{"start":{"line":4,"column":14},"end":{"line":57,"column":1}},"1":{"start":{"line":6,"column":18},"end":{"line":6,"column":58}},"2":{"start":{"line":6,"column":38},"end":{"line":6,"column":57}},"3":{"start":{"line":8,"column":16},"end":{"line":8,"column":48}},"4":{"start":{"line":8,"column":36},"end":{"line":8,"column":47}},"5":{"start":{"line":10,"column":19},"end":{"line":10,"column":54}},"6":{"start":{"line":10,"column":39},"end":{"line":10,"column":53}},"7":{"start":{"line":12,"column":17},"end":{"line":12,"column":54}},"8":{"start":{"line":12,"column":37},"end":{"line":12,"column":53}},"9":{"start":{"line":14,"column":21},"end":{"line":14,"column":57}},"10":{"start":{"line":14,"column":41},"end":{"line":14,"column":56}},"11":{"start":{"line":16,"column":16},"end":{"line":16,"column":48}},"12":{"start":{"line":16,"column":36},"end":{"line":16,"column":47}},"13":{"start":{"line":18,"column":18},"end":{"line":18,"column":52}},"14":{"start":{"line":18,"column":38},"end":{"line":18,"column":51}},"15":{"start":{"line":20,"column":23},"end":{"line":20,"column":62}},"16":{"start":{"line":20,"column":43},"end":{"line":20,"column":61}},"17":{"start":{"line":22,"column":23},"end":{"line":22,"column":62}},"18":{"start":{"line":22,"column":43},"end":{"line":22,"column":61}},"19":{"start":{"line":24,"column":14},"end":{"line":24,"column":44}},"20":{"start":{"line":24,"column":34},"end":{"line":24,"column":43}},"21":{"start":{"line":26,"column":14},"end":{"line":26,"column":51}},"22":{"start":{"line":26,"column":34},"end":{"line":26,"column":50}},"23":{"start":{"line":28,"column":22},"end":{"line":28,"column":53}},"24":{"start":{"line":28,"column":42},"end":{"line":28,"column":52}},"25":{"start":{"line":30,"column":20},"end":{"line":30,"column":56}},"26":{"start":{"line":30,"column":40},"end":{"line":30,"column":55}},"27":{"start":{"line":32,"column":22},"end":{"line":32,"column":60}},"28":{"start":{"line":32,"column":42},"end":{"line":32,"column":59}},"29":{"start":{"line":34,"column":28},"end":{"line":34,"column":65}},"30":{"start":{"line":34,"column":48},"end":{"line":34,"column":64}},"31":{"start":{"line":36,"column":15},"end":{"line":36,"column":52}},"32":{"start":{"line":36,"column":35},"end":{"line":36,"column":51}},"33":{"start":{"line":38,"column":20},"end":{"line":38,"column":52}},"34":{"start":{"line":38,"column":40},"end":{"line":38,"column":51}},"35":{"start":{"line":40,"column":21},"end":{"line":40,"column":62}},"36":{"start":{"line":40,"column":41},"end":{"line":40,"column":61}},"37":{"start":{"line":42,"column":21},"end":{"line":42,"column":58}},"38":{"start":{"line":42,"column":41},"end":{"line":42,"column":57}},"39":{"start":{"line":44,"column":23},"end":{"line":44,"column":62}},"40":{"start":{"line":44,"column":43},"end":{"line":44,"column":61}},"41":{"start":{"line":46,"column":26},"end":{"line":46,"column":63}},"42":{"start":{"line":46,"column":46},"end":{"line":46,"column":62}},"43":{"start":{"line":48,"column":28},"end":{"line":48,"column":67}},"44":{"start":{"line":48,"column":48},"end":{"line":48,"column":66}},"45":{"start":{"line":51,"column":2},"end":{"line":56,"column":3}}},"fnMap":{"0":{"name":"(anonymous_0)","decl":{"start":{"line":4,"column":14},"end":{"line":4,"column":15}},"loc":{"start":{"line":4,"column":20},"end":{"line":57,"column":1}},"line":4},"1":{"name":"(anonymous_1)","decl":{"start":{"line":6,"column":27},"end":{"line":6,"column":28}},"loc":{"start":{"line":6,"column":38},"end":{"line":6,"column":57}},"line":6},"2":{"name":"(anonymous_2)","decl":{"start":{"line":8,"column":25},"end":{"line":8,"column":26}},"loc":{"start":{"line":8,"column":36},"end":{"line":8,"column":47}},"line":8},"3":{"name":"(anonymous_3)","decl":{"start":{"line":10,"column":28},"end":{"line":10,"column":29}},"loc":{"start":{"line":10,"column":39},"end":{"line":10,"column":53}},"line":10},"4":{"name":"(anonymous_4)","decl":{"start":{"line":12,"column":26},"end":{"line":12,"column":27}},"loc":{"start":{"line":12,"column":37},"end":{"line":12,"column":53}},"line":12},"5":{"name":"(anonymous_5)","decl":{"start":{"line":14,"column":30},"end":{"line":14,"column":31}},"loc":{"start":{"line":14,"column":41},"end":{"line":14,"column":56}},"line":14},"6":{"name":"(anonymous_6)","decl":{"start":{"line":16,"column":25},"end":{"line":16,"column":26}},"loc":{"start":{"line":16,"column":36},"end":{"line":16,"column":47}},"line":16},"7":{"name":"(anonymous_7)","decl":{"start":{"line":18,"column":27},"end":{"line":18,"column":28}},"loc":{"start":{"line":18,"column":38},"end":{"line":18,"column":51}},"line":18},"8":{"name":"(anonymous_8)","decl":{"start":{"line":20,"column":32},"end":{"line":20,"column":33}},"loc":{"start":{"line":20,"column":43},"end":{"line":20,"column":61}},"line":20},"9":{"name":"(anonymous_9)","decl":{"start":{"line":22,"column":32},"end":{"line":22,"column":33}},"loc":{"start":{"line":22,"column":43},"end":{"line":22,"column":61}},"line":22},"10":{"name":"(anonymous_10)","decl":{"start":{"line":24,"column":23},"end":{"line":24,"column":24}},"loc":{"start":{"line":24,"column":34},"end":{"line":24,"column":43}},"line":24},"11":{"name":"(anonymous_11)","decl":{"start":{"line":26,"column":23},"end":{"line":26,"column":24}},"loc":{"start":{"line":26,"column":34},"end":{"line":26,"column":50}},"line":26},"12":{"name":"(anonymous_12)","decl":{"start":{"line":28,"column":31},"end":{"line":28,"column":32}},"loc":{"start":{"line":28,"column":42},"end":{"line":28,"column":52}},"line":28},"13":{"name":"(anonymous_13)","decl":{"start":{"line":30,"column":29},"end":{"line":30,"column":30}},"loc":{"start":{"line":30,"column":40},"end":{"line":30,"column":55}},"line":30},"14":{"name":"(anonymous_14)","decl":{"start":{"line":32,"column":31},"end":{"line":32,"column":32}},"loc":{"start":{"line":32,"column":42},"end":{"line":32,"column":59}},"line":32},"15":{"name":"(anonymous_15)","decl":{"start":{"line":34,"column":37},"end":{"line":34,"column":38}},"loc":{"start":{"line":34,"column":48},"end":{"line":34,"column":64}},"line":34},"16":{"name":"(anonymous_16)","decl":{"start":{"line":36,"column":24},"end":{"line":36,"column":25}},"loc":{"start":{"line":36,"column":35},"end":{"line":36,"column":51}},"line":36},"17":{"name":"(anonymous_17)","decl":{"start":{"line":38,"column":29},"end":{"line":38,"column":30}},"loc":{"start":{"line":38,"column":40},"end":{"line":38,"column":51}},"line":38},"18":{"name":"(anonymous_18)","decl":{"start":{"line":40,"column":30},"end":{"line":40,"column":31}},"loc":{"start":{"line":40,"column":41},"end":{"line":40,"column":61}},"line":40},"19":{"name":"(anonymous_19)","decl":{"start":{"line":42,"column":30},"end":{"line":42,"column":31}},"loc":{"start":{"line":42,"column":41},"end":{"line":42,"column":57}},"line":42},"20":{"name":"(anonymous_20)","decl":{"start":{"line":44,"column":32},"end":{"line":44,"column":33}},"loc":{"start":{"line":44,"column":43},"end":{"line":44,"column":61}},"line":44},"21":{"name":"(anonymous_21)","decl":{"start":{"line":46,"column":35},"end":{"line":46,"column":36}},"loc":{"start":{"line":46,"column":46},"end":{"line":46,"column":62}},"line":46},"22":{"name":"(anonymous_22)","decl":{"start":{"line":48,"column":37},"end":{"line":48,"column":38}},"loc":{"start":{"line":48,"column":48},"end":{"line":48,"column":66}},"line":48}},"branchMap":{},"s":{"0":1,"1":4,"2":16,"3":4,"4":16,"5":4,"6":16,"7":4,"8":16,"9":4,"10":16,"11":4,"12":16,"13":4,"14":16,"15":4,"16":16,"17":4,"18":16,"19":4,"20":16,"21":4,"22":16,"23":4,"24":16,"25":4,"26":16,"27":4,"28":16,"29":4,"30":16,"31":4,"32":16,"33":4,"34":16,"35":4,"36":16,"37":4,"38":16,"39":4,"40":16,"41":4,"42":16,"43":4,"44":16,"45":4},"f":{"0":4,"1":16,"2":16,"3":16,"4":16,"5":16,"6":16,"7":16,"8":16,"9":16,"10":16,"11":16,"12":16,"13":16,"14":16,"15":16,"16":16,"17":16,"18":16,"19":16,"20":16,"21":16,"22":16},"b":{},"_coverageSchema":"1a1c01bbd47fc00a2c39e90264f33305004495a9","hash":"09ae43e9e82d5ea9e4e5892d25fe637361dada38"}
}
